{"/home/daytona/codebase/api/health.ts": {"path":"/home/daytona/codebase/api/health.ts","statementMap":{"0":{"start":{"line":4,"column":18},"end":{"line":4,"column":null}},"1":{"start":{"line":5,"column":26},"end":{"line":5,"column":null}},"2":{"start":{"line":6,"column":25},"end":{"line":6,"column":null}},"3":{"start":{"line":7,"column":23},"end":{"line":7,"column":null}},"4":{"start":{"line":8,"column":28},"end":{"line":8,"column":null}},"5":{"start":{"line":10,"column":2},"end":{"line":20,"column":null}}},"fnMap":{"0":{"name":"handler","decl":{"start":{"line":3,"column":24},"end":{"line":3,"column":32}},"loc":{"start":{"line":3,"column":73},"end":{"line":21,"column":null}},"line":3}},"branchMap":{"0":{"loc":{"start":{"line":4,"column":18},"end":{"line":4,"column":null}},"type":"binary-expr","locations":[{"start":{"line":4,"column":18},"end":{"line":4,"column":49}},{"start":{"line":4,"column":49},"end":{"line":4,"column":null}}],"line":4},"1":{"loc":{"start":{"line":5,"column":26},"end":{"line":5,"column":null}},"type":"binary-expr","locations":[{"start":{"line":5,"column":26},"end":{"line":5,"column":57}},{"start":{"line":5,"column":57},"end":{"line":5,"column":null}}],"line":5}},"s":{"0":3,"1":3,"2":3,"3":3,"4":3,"5":3},"f":{"0":3},"b":{"0":[3,2],"1":[3,2]},"meta":{"lastBranch":2,"lastFunction":1,"lastStatement":6,"seen":{"f:3:24:3:32":0,"s:4:18:4:Infinity":0,"b:4:18:4:49:4:49:4:Infinity":0,"s:5:26:5:Infinity":1,"b:5:26:5:57:5:57:5:Infinity":1,"s:6:25:6:Infinity":2,"s:7:23:7:Infinity":3,"s:8:28:8:Infinity":4,"s:10:2:20:Infinity":5},"fnNames":{}}}
,"/home/daytona/codebase/api/index.ts": {"path":"/home/daytona/codebase/api/index.ts","statementMap":{"0":{"start":{"line":4,"column":2},"end":{"line":13,"column":null}}},"fnMap":{"0":{"name":"handler","decl":{"start":{"line":3,"column":24},"end":{"line":3,"column":32}},"loc":{"start":{"line":3,"column":73},"end":{"line":14,"column":null}},"line":3}},"branchMap":{},"s":{"0":0},"f":{"0":0},"b":{},"meta":{"lastBranch":0,"lastFunction":1,"lastStatement":1,"seen":{"f:3:24:3:32":0,"s:4:2:13:Infinity":0},"fnNames":{}}}
,"/home/daytona/codebase/api/search.ts": {"path":"/home/daytona/codebase/api/search.ts","statementMap":{"0":{"start":{"line":10,"column":26},"end":{"line":10,"column":null}},"1":{"start":{"line":11,"column":26},"end":{"line":11,"column":null}},"2":{"start":{"line":12,"column":26},"end":{"line":12,"column":null}},"3":{"start":{"line":17,"column":2},"end":{"line":17,"column":null}},"4":{"start":{"line":18,"column":2},"end":{"line":18,"column":null}},"5":{"start":{"line":19,"column":2},"end":{"line":26,"column":null}},"6":{"start":{"line":27,"column":2},"end":{"line":30,"column":null}},"7":{"start":{"line":32,"column":2},"end":{"line":32,"column":null}},"8":{"start":{"line":32,"column":32},"end":{"line":32,"column":null}},"9":{"start":{"line":33,"column":2},"end":{"line":33,"column":null}},"10":{"start":{"line":33,"column":31},"end":{"line":33,"column":null}},"11":{"start":{"line":35,"column":40},"end":{"line":35,"column":null}},"12":{"start":{"line":37,"column":2},"end":{"line":37,"column":null}},"13":{"start":{"line":37,"column":18},"end":{"line":37,"column":null}},"14":{"start":{"line":41,"column":4},"end":{"line":43,"column":null}},"15":{"start":{"line":45,"column":2},"end":{"line":74,"column":null}},"16":{"start":{"line":48,"column":28},"end":{"line":67,"column":null}},"17":{"start":{"line":69,"column":4},"end":{"line":72,"column":null}},"18":{"start":{"line":73,"column":4},"end":{"line":73,"column":null}},"19":{"start":{"line":77,"column":2},"end":{"line":77,"column":null}},"20":{"start":{"line":79,"column":30},"end":{"line":79,"column":null}},"21":{"start":{"line":80,"column":2},"end":{"line":86,"column":null}},"22":{"start":{"line":81,"column":20},"end":{"line":81,"column":null}},"23":{"start":{"line":82,"column":20},"end":{"line":82,"column":null}},"24":{"start":{"line":83,"column":4},"end":{"line":83,"column":null}},"25":{"start":{"line":88,"column":13},"end":{"line":88,"column":null}},"26":{"start":{"line":90,"column":2},"end":{"line":151,"column":null}},"27":{"start":{"line":92,"column":49},"end":{"line":95,"column":null}},"28":{"start":{"line":97,"column":4},"end":{"line":104,"column":null}},"29":{"start":{"line":98,"column":50},"end":{"line":102,"column":null}},"30":{"start":{"line":103,"column":6},"end":{"line":103,"column":null}},"31":{"start":{"line":103,"column":34},"end":{"line":103,"column":null}},"32":{"start":{"line":106,"column":22},"end":{"line":113,"column":null}},"33":{"start":{"line":115,"column":4},"end":{"line":119,"column":null}},"34":{"start":{"line":116,"column":22},"end":{"line":116,"column":null}},"35":{"start":{"line":117,"column":6},"end":{"line":117,"column":null}},"36":{"start":{"line":118,"column":6},"end":{"line":118,"column":null}},"37":{"start":{"line":121,"column":22},"end":{"line":121,"column":null}},"38":{"start":{"line":122,"column":22},"end":{"line":122,"column":null}},"39":{"start":{"line":124,"column":10},"end":{"line":135,"column":null}},"40":{"start":{"line":124,"column":69},"end":{"line":135,"column":6}},"41":{"start":{"line":130,"column":8},"end":{"line":131,"column":null}},"42":{"start":{"line":130,"column":14},"end":{"line":130,"column":66}},"43":{"start":{"line":131,"column":16},"end":{"line":131,"column":30}},"44":{"start":{"line":137,"column":4},"end":{"line":146,"column":null}},"45":{"start":{"line":149,"column":4},"end":{"line":149,"column":null}},"46":{"start":{"line":150,"column":4},"end":{"line":150,"column":null}}},"fnMap":{"0":{"name":"handler","decl":{"start":{"line":14,"column":30},"end":{"line":14,"column":38}},"loc":{"start":{"line":14,"column":79},"end":{"line":152,"column":null}},"line":14},"1":{"name":"(anonymous_1)","decl":{"start":{"line":124,"column":41},"end":{"line":124,"column":46}},"loc":{"start":{"line":124,"column":69},"end":{"line":135,"column":6}},"line":124},"2":{"name":"(anonymous_2)","decl":{"start":{"line":129,"column":6},"end":{"line":129,"column":29}},"loc":{"start":{"line":129,"column":29},"end":{"line":132,"column":7}},"line":129}},"branchMap":{"0":{"loc":{"start":{"line":32,"column":2},"end":{"line":32,"column":null}},"type":"if","locations":[{"start":{"line":32,"column":2},"end":{"line":32,"column":null}},{"start":{},"end":{}}],"line":32},"1":{"loc":{"start":{"line":33,"column":2},"end":{"line":33,"column":null}},"type":"if","locations":[{"start":{"line":33,"column":2},"end":{"line":33,"column":null}},{"start":{},"end":{}}],"line":33},"2":{"loc":{"start":{"line":35,"column":13},"end":{"line":35,"column":26}},"type":"default-arg","locations":[{"start":{"line":35,"column":21},"end":{"line":35,"column":26}}],"line":35},"3":{"loc":{"start":{"line":37,"column":2},"end":{"line":37,"column":null}},"type":"if","locations":[{"start":{"line":37,"column":2},"end":{"line":37,"column":null}},{"start":{},"end":{}}],"line":37},"4":{"loc":{"start":{"line":41,"column":4},"end":{"line":43,"column":null}},"type":"binary-expr","locations":[{"start":{"line":41,"column":4},"end":{"line":41,"column":null}},{"start":{"line":42,"column":4},"end":{"line":42,"column":null}},{"start":{"line":43,"column":4},"end":{"line":43,"column":null}}],"line":41},"5":{"loc":{"start":{"line":45,"column":2},"end":{"line":74,"column":null}},"type":"if","locations":[{"start":{"line":45,"column":2},"end":{"line":74,"column":null}},{"start":{},"end":{}}],"line":45},"6":{"loc":{"start":{"line":52,"column":24},"end":{"line":52,"column":67}},"type":"binary-expr","locations":[{"start":{"line":52,"column":24},"end":{"line":52,"column":60}},{"start":{"line":52,"column":60},"end":{"line":52,"column":67}}],"line":52},"7":{"loc":{"start":{"line":83,"column":13},"end":{"line":83,"column":null}},"type":"binary-expr","locations":[{"start":{"line":83,"column":13},"end":{"line":83,"column":39}},{"start":{"line":83,"column":39},"end":{"line":83,"column":56}},{"start":{"line":83,"column":56},"end":{"line":83,"column":null}}],"line":83},"8":{"loc":{"start":{"line":94,"column":20},"end":{"line":94,"column":42}},"type":"binary-expr","locations":[{"start":{"line":94,"column":20},"end":{"line":94,"column":39}},{"start":{"line":94,"column":39},"end":{"line":94,"column":42}}],"line":94},"9":{"loc":{"start":{"line":97,"column":4},"end":{"line":104,"column":null}},"type":"if","locations":[{"start":{"line":97,"column":4},"end":{"line":104,"column":null}},{"start":{},"end":{}}],"line":97},"10":{"loc":{"start":{"line":103,"column":6},"end":{"line":103,"column":null}},"type":"if","locations":[{"start":{"line":103,"column":6},"end":{"line":103,"column":null}},{"start":{},"end":{}}],"line":103},"11":{"loc":{"start":{"line":115,"column":4},"end":{"line":119,"column":null}},"type":"if","locations":[{"start":{"line":115,"column":4},"end":{"line":119,"column":null}},{"start":{},"end":{}}],"line":115},"12":{"loc":{"start":{"line":124,"column":21},"end":{"line":124,"column":39}},"type":"binary-expr","locations":[{"start":{"line":124,"column":21},"end":{"line":124,"column":37}},{"start":{"line":124,"column":37},"end":{"line":124,"column":39}}],"line":124},"13":{"loc":{"start":{"line":126,"column":22},"end":{"line":126,"column":null}},"type":"binary-expr","locations":[{"start":{"line":126,"column":22},"end":{"line":126,"column":35}},{"start":{"line":126,"column":35},"end":{"line":126,"column":null}}],"line":126},"14":{"loc":{"start":{"line":128,"column":22},"end":{"line":128,"column":null}},"type":"binary-expr","locations":[{"start":{"line":128,"column":22},"end":{"line":128,"column":35}},{"start":{"line":128,"column":35},"end":{"line":128,"column":null}}],"line":128},"15":{"loc":{"start":{"line":134,"column":22},"end":{"line":134,"column":null}},"type":"binary-expr","locations":[{"start":{"line":134,"column":22},"end":{"line":134,"column":32}},{"start":{"line":134,"column":32},"end":{"line":134,"column":null}}],"line":134}},"s":{"0":1,"1":1,"2":1,"3":9,"4":9,"5":9,"6":9,"7":9,"8":1,"9":8,"10":1,"11":7,"12":7,"13":3,"14":4,"15":9,"16":1,"17":1,"18":1,"19":3,"20":3,"21":3,"22":3,"23":3,"24":3,"25":3,"26":3,"27":3,"28":9,"29":1,"30":1,"31":1,"32":3,"33":3,"34":1,"35":1,"36":1,"37":2,"38":2,"39":2,"40":1,"41":1,"42":1,"43":0,"44":9,"45":0,"46":0},"f":{"0":9,"1":1,"2":1},"b":{"0":[1,8],"1":[1,7],"2":[7],"3":[3,4],"4":[4,4,1],"5":[1,8],"6":[1,0],"7":[3,2,1],"8":[3,0],"9":[1,8],"10":[1,0],"11":[1,2],"12":[2,0],"13":[1,0],"14":[1,0],"15":[1,0]},"meta":{"lastBranch":16,"lastFunction":3,"lastStatement":47,"seen":{"s:10:26:10:Infinity":0,"s:11:26:11:Infinity":1,"s:12:26:12:Infinity":2,"f:14:30:14:38":0,"s:17:2:17:Infinity":3,"s:18:2:18:Infinity":4,"s:19:2:26:Infinity":5,"s:27:2:30:Infinity":6,"b:32:2:32:Infinity:undefined:undefined:undefined:undefined":0,"s:32:2:32:Infinity":7,"s:32:32:32:Infinity":8,"b:33:2:33:Infinity:undefined:undefined:undefined:undefined":1,"s:33:2:33:Infinity":9,"s:33:31:33:Infinity":10,"s:35:40:35:Infinity":11,"b:35:21:35:26":2,"b:37:2:37:Infinity:undefined:undefined:undefined:undefined":3,"s:37:2:37:Infinity":12,"s:37:18:37:Infinity":13,"s:41:4:43:Infinity":14,"b:41:4:41:Infinity:42:4:42:Infinity:43:4:43:Infinity":4,"b:45:2:74:Infinity:undefined:undefined:undefined:undefined":5,"s:45:2:74:Infinity":15,"s:48:28:67:Infinity":16,"b:52:24:52:60:52:60:52:67":6,"s:69:4:72:Infinity":17,"s:73:4:73:Infinity":18,"s:77:2:77:Infinity":19,"s:79:30:79:Infinity":20,"s:80:2:86:Infinity":21,"s:81:20:81:Infinity":22,"s:82:20:82:Infinity":23,"s:83:4:83:Infinity":24,"b:83:13:83:39:83:39:83:56:83:56:83:Infinity":7,"s:88:13:88:Infinity":25,"s:90:2:151:Infinity":26,"s:92:49:95:Infinity":27,"b:94:20:94:39:94:39:94:42":8,"b:97:4:104:Infinity:undefined:undefined:undefined:undefined":9,"s:97:4:104:Infinity":28,"s:98:50:102:Infinity":29,"b:103:6:103:Infinity:undefined:undefined:undefined:undefined":10,"s:103:6:103:Infinity":30,"s:103:34:103:Infinity":31,"s:106:22:113:Infinity":32,"b:115:4:119:Infinity:undefined:undefined:undefined:undefined":11,"s:115:4:119:Infinity":33,"s:116:22:116:Infinity":34,"s:117:6:117:Infinity":35,"s:118:6:118:Infinity":36,"s:121:22:121:Infinity":37,"s:122:22:122:Infinity":38,"s:124:10:135:Infinity":39,"b:124:21:124:37:124:37:124:39":12,"f:124:41:124:46":1,"s:124:69:135:6":40,"b:126:22:126:35:126:35:126:Infinity":13,"b:128:22:128:35:128:35:128:Infinity":14,"f:129:6:129:29":2,"s:130:8:131:Infinity":41,"s:130:14:130:66":42,"s:131:16:131:30":43,"b:134:22:134:32:134:32:134:Infinity":15,"s:137:4:146:Infinity":44,"s:149:4:149:Infinity":45,"s:150:4:150:Infinity":46},"fnNames":{}}}
,"/home/daytona/codebase/api/ai/chat.ts": {"path":"/home/daytona/codebase/api/ai/chat.ts","statementMap":{"0":{"start":{"line":4,"column":13},"end":{"line":4,"column":null}},"1":{"start":{"line":7,"column":2},"end":{"line":9,"column":null}},"2":{"start":{"line":8,"column":4},"end":{"line":8,"column":null}},"3":{"start":{"line":11,"column":23},"end":{"line":11,"column":null}},"4":{"start":{"line":15,"column":2},"end":{"line":17,"column":null}},"5":{"start":{"line":16,"column":4},"end":{"line":16,"column":null}},"6":{"start":{"line":19,"column":2},"end":{"line":39,"column":null}},"7":{"start":{"line":20,"column":23},"end":{"line":32,"column":null}},"8":{"start":{"line":34,"column":20},"end":{"line":34,"column":null}},"9":{"start":{"line":35,"column":4},"end":{"line":35,"column":null}},"10":{"start":{"line":37,"column":4},"end":{"line":37,"column":null}},"11":{"start":{"line":38,"column":4},"end":{"line":38,"column":null}}},"fnMap":{"0":{"name":"handler","decl":{"start":{"line":6,"column":30},"end":{"line":6,"column":38}},"loc":{"start":{"line":6,"column":79},"end":{"line":40,"column":null}},"line":6}},"branchMap":{"0":{"loc":{"start":{"line":7,"column":2},"end":{"line":9,"column":null}},"type":"if","locations":[{"start":{"line":7,"column":2},"end":{"line":9,"column":null}},{"start":{},"end":{}}],"line":7},"1":{"loc":{"start":{"line":15,"column":2},"end":{"line":17,"column":null}},"type":"if","locations":[{"start":{"line":15,"column":2},"end":{"line":17,"column":null}},{"start":{},"end":{}}],"line":15},"2":{"loc":{"start":{"line":34,"column":20},"end":{"line":34,"column":null}},"type":"binary-expr","locations":[{"start":{"line":34,"column":20},"end":{"line":34,"column":63}},{"start":{"line":34,"column":63},"end":{"line":34,"column":null}}],"line":34}},"s":{"0":0,"1":0,"2":0,"3":0,"4":0,"5":0,"6":0,"7":0,"8":0,"9":0,"10":0,"11":0},"f":{"0":0},"b":{"0":[0,0],"1":[0,0],"2":[0,0]},"meta":{"lastBranch":3,"lastFunction":1,"lastStatement":12,"seen":{"s:4:13:4:Infinity":0,"f:6:30:6:38":0,"b:7:2:9:Infinity:undefined:undefined:undefined:undefined":0,"s:7:2:9:Infinity":1,"s:8:4:8:Infinity":2,"s:11:23:11:Infinity":3,"b:15:2:17:Infinity:undefined:undefined:undefined:undefined":1,"s:15:2:17:Infinity":4,"s:16:4:16:Infinity":5,"s:19:2:39:Infinity":6,"s:20:23:32:Infinity":7,"s:34:20:34:Infinity":8,"b:34:20:34:63:34:63:34:Infinity":2,"s:35:4:35:Infinity":9,"s:37:4:37:Infinity":10,"s:38:4:38:Infinity":11},"fnNames":{}}}
,"/home/daytona/codebase/mcp-server/index.ts": {"path":"/home/daytona/codebase/mcp-server/index.ts","statementMap":{"0":{"start":{"line":26,"column":0},"end":{"line":26,"column":null}},"1":{"start":{"line":28,"column":19},"end":{"line":28,"column":null}},"2":{"start":{"line":29,"column":21},"end":{"line":29,"column":null}},"3":{"start":{"line":31,"column":13},"end":{"line":31,"column":null}},"4":{"start":{"line":34,"column":15},"end":{"line":37,"column":null}},"5":{"start":{"line":39,"column":0},"end":{"line":117,"column":null}},"6":{"start":{"line":39,"column":62},"end":{"line":117,"column":2}},"7":{"start":{"line":119,"column":0},"end":{"line":332,"column":null}},"8":{"start":{"line":120,"column":36},"end":{"line":120,"column":null}},"9":{"start":{"line":123,"column":2},"end":{"line":160,"column":null}},"10":{"start":{"line":124,"column":44},"end":{"line":124,"column":null}},"11":{"start":{"line":126,"column":4},"end":{"line":159,"column":null}},"12":{"start":{"line":127,"column":21},"end":{"line":127,"column":null}},"13":{"start":{"line":128,"column":6},"end":{"line":128,"column":null}},"14":{"start":{"line":128,"column":21},"end":{"line":128,"column":null}},"15":{"start":{"line":133,"column":18},"end":{"line":133,"column":null}},"16":{"start":{"line":135,"column":6},"end":{"line":138,"column":null}},"17":{"start":{"line":136,"column":18},"end":{"line":136,"column":null}},"18":{"start":{"line":136,"column":48},"end":{"line":136,"column":51}},"19":{"start":{"line":137,"column":8},"end":{"line":137,"column":null}},"20":{"start":{"line":140,"column":19},"end":{"line":140,"column":null}},"21":{"start":{"line":141,"column":24},"end":{"line":143,"column":null}},"22":{"start":{"line":142,"column":36},"end":{"line":142,"column":96}},"23":{"start":{"line":145,"column":6},"end":{"line":156,"column":null}},"24":{"start":{"line":158,"column":6},"end":{"line":158,"column":null}},"25":{"start":{"line":163,"column":2},"end":{"line":197,"column":null}},"26":{"start":{"line":164,"column":33},"end":{"line":164,"column":null}},"27":{"start":{"line":166,"column":4},"end":{"line":196,"column":null}},"28":{"start":{"line":167,"column":24},"end":{"line":167,"column":null}},"29":{"start":{"line":168,"column":21},"end":{"line":168,"column":null}},"30":{"start":{"line":170,"column":18},"end":{"line":170,"column":null}},"31":{"start":{"line":172,"column":6},"end":{"line":175,"column":null}},"32":{"start":{"line":173,"column":23},"end":{"line":173,"column":null}},"33":{"start":{"line":173,"column":53},"end":{"line":173,"column":56}},"34":{"start":{"line":174,"column":8},"end":{"line":174,"column":null}},"35":{"start":{"line":177,"column":24},"end":{"line":177,"column":null}},"36":{"start":{"line":178,"column":24},"end":{"line":180,"column":null}},"37":{"start":{"line":179,"column":36},"end":{"line":179,"column":128}},"38":{"start":{"line":182,"column":6},"end":{"line":193,"column":null}},"39":{"start":{"line":195,"column":6},"end":{"line":195,"column":null}},"40":{"start":{"line":200,"column":2},"end":{"line":240,"column":null}},"41":{"start":{"line":201,"column":45},"end":{"line":201,"column":null}},"42":{"start":{"line":205,"column":4},"end":{"line":239,"column":null}},"43":{"start":{"line":206,"column":24},"end":{"line":206,"column":null}},"44":{"start":{"line":207,"column":21},"end":{"line":207,"column":null}},"45":{"start":{"line":208,"column":6},"end":{"line":208,"column":null}},"46":{"start":{"line":208,"column":21},"end":{"line":208,"column":null}},"47":{"start":{"line":210,"column":18},"end":{"line":210,"column":null}},"48":{"start":{"line":212,"column":6},"end":{"line":215,"column":null}},"49":{"start":{"line":213,"column":23},"end":{"line":213,"column":null}},"50":{"start":{"line":213,"column":53},"end":{"line":213,"column":56}},"51":{"start":{"line":214,"column":8},"end":{"line":214,"column":null}},"52":{"start":{"line":217,"column":24},"end":{"line":217,"column":null}},"53":{"start":{"line":218,"column":24},"end":{"line":223,"column":null}},"54":{"start":{"line":220,"column":23},"end":{"line":220,"column":null}},"55":{"start":{"line":221,"column":10},"end":{"line":221,"column":null}},"56":{"start":{"line":225,"column":6},"end":{"line":236,"column":null}},"57":{"start":{"line":238,"column":6},"end":{"line":238,"column":null}},"58":{"start":{"line":243,"column":2},"end":{"line":262,"column":null}},"59":{"start":{"line":244,"column":48},"end":{"line":244,"column":null}},"60":{"start":{"line":246,"column":4},"end":{"line":261,"column":null}},"61":{"start":{"line":247,"column":25},"end":{"line":255,"column":null}},"62":{"start":{"line":257,"column":22},"end":{"line":257,"column":null}},"63":{"start":{"line":258,"column":6},"end":{"line":258,"column":null}},"64":{"start":{"line":260,"column":6},"end":{"line":260,"column":null}},"65":{"start":{"line":265,"column":2},"end":{"line":299,"column":null}},"66":{"start":{"line":266,"column":24},"end":{"line":266,"column":null}},"67":{"start":{"line":268,"column":4},"end":{"line":298,"column":null}},"68":{"start":{"line":269,"column":18},"end":{"line":269,"column":null}},"69":{"start":{"line":270,"column":6},"end":{"line":270,"column":null}},"70":{"start":{"line":270,"column":30},"end":{"line":270,"column":null}},"71":{"start":{"line":271,"column":6},"end":{"line":271,"column":null}},"72":{"start":{"line":271,"column":19},"end":{"line":271,"column":null}},"73":{"start":{"line":273,"column":22},"end":{"line":273,"column":null}},"74":{"start":{"line":274,"column":16},"end":{"line":274,"column":21}},"75":{"start":{"line":274,"column":28},"end":{"line":274,"column":null}},"76":{"start":{"line":276,"column":6},"end":{"line":281,"column":null}},"77":{"start":{"line":277,"column":8},"end":{"line":277,"column":null}},"78":{"start":{"line":277,"column":39},"end":{"line":277,"column":null}},"79":{"start":{"line":278,"column":8},"end":{"line":280,"column":null}},"80":{"start":{"line":279,"column":10},"end":{"line":279,"column":null}},"81":{"start":{"line":283,"column":22},"end":{"line":283,"column":null}},"82":{"start":{"line":284,"column":6},"end":{"line":295,"column":null}},"83":{"start":{"line":297,"column":6},"end":{"line":297,"column":null}},"84":{"start":{"line":302,"column":2},"end":{"line":329,"column":null}},"85":{"start":{"line":303,"column":4},"end":{"line":328,"column":null}},"86":{"start":{"line":304,"column":18},"end":{"line":304,"column":null}},"87":{"start":{"line":305,"column":6},"end":{"line":305,"column":null}},"88":{"start":{"line":305,"column":19},"end":{"line":305,"column":null}},"89":{"start":{"line":307,"column":20},"end":{"line":307,"column":null}},"90":{"start":{"line":309,"column":6},"end":{"line":325,"column":null}},"91":{"start":{"line":327,"column":6},"end":{"line":327,"column":null}},"92":{"start":{"line":331,"column":2},"end":{"line":331,"column":null}},"93":{"start":{"line":334,"column":18},"end":{"line":334,"column":null}},"94":{"start":{"line":335,"column":0},"end":{"line":335,"column":null}},"95":{"start":{"line":336,"column":0},"end":{"line":336,"column":null}}},"fnMap":{"0":{"name":"(anonymous_0)","decl":{"start":{"line":39,"column":49},"end":{"line":39,"column":62}},"loc":{"start":{"line":39,"column":62},"end":{"line":117,"column":2}},"line":39},"1":{"name":"(anonymous_1)","decl":{"start":{"line":119,"column":48},"end":{"line":119,"column":55}},"loc":{"start":{"line":119,"column":67},"end":{"line":332,"column":1}},"line":119},"2":{"name":"(anonymous_2)","decl":{"start":{"line":136,"column":35},"end":{"line":136,"column":48}},"loc":{"start":{"line":136,"column":48},"end":{"line":136,"column":51}},"line":136},"3":{"name":"(anonymous_3)","decl":{"start":{"line":142,"column":9},"end":{"line":142,"column":14}},"loc":{"start":{"line":142,"column":36},"end":{"line":142,"column":96}},"line":142},"4":{"name":"(anonymous_4)","decl":{"start":{"line":173,"column":40},"end":{"line":173,"column":53}},"loc":{"start":{"line":173,"column":53},"end":{"line":173,"column":56}},"line":173},"5":{"name":"(anonymous_5)","decl":{"start":{"line":179,"column":9},"end":{"line":179,"column":14}},"loc":{"start":{"line":179,"column":36},"end":{"line":179,"column":128}},"line":179},"6":{"name":"(anonymous_6)","decl":{"start":{"line":213,"column":40},"end":{"line":213,"column":53}},"loc":{"start":{"line":213,"column":53},"end":{"line":213,"column":56}},"line":213},"7":{"name":"(anonymous_7)","decl":{"start":{"line":219,"column":9},"end":{"line":219,"column":14}},"loc":{"start":{"line":219,"column":36},"end":{"line":222,"column":9}},"line":219}},"branchMap":{"0":{"loc":{"start":{"line":28,"column":19},"end":{"line":28,"column":null}},"type":"binary-expr","locations":[{"start":{"line":28,"column":19},"end":{"line":28,"column":49}},{"start":{"line":28,"column":49},"end":{"line":28,"column":null}}],"line":28},"1":{"loc":{"start":{"line":123,"column":2},"end":{"line":160,"column":null}},"type":"if","locations":[{"start":{"line":123,"column":2},"end":{"line":160,"column":null}},{"start":{},"end":{}}],"line":123},"2":{"loc":{"start":{"line":124,"column":19},"end":{"line":124,"column":30}},"type":"default-arg","locations":[{"start":{"line":124,"column":27},"end":{"line":124,"column":30}}],"line":124},"3":{"loc":{"start":{"line":128,"column":6},"end":{"line":128,"column":null}},"type":"if","locations":[{"start":{"line":128,"column":6},"end":{"line":128,"column":null}},{"start":{},"end":{}}],"line":128},"4":{"loc":{"start":{"line":135,"column":6},"end":{"line":138,"column":null}},"type":"if","locations":[{"start":{"line":135,"column":6},"end":{"line":138,"column":null}},{"start":{},"end":{}}],"line":135},"5":{"loc":{"start":{"line":137,"column":24},"end":{"line":137,"column":55}},"type":"binary-expr","locations":[{"start":{"line":137,"column":24},"end":{"line":137,"column":35}},{"start":{"line":137,"column":35},"end":{"line":137,"column":55}}],"line":137},"6":{"loc":{"start":{"line":163,"column":2},"end":{"line":197,"column":null}},"type":"if","locations":[{"start":{"line":163,"column":2},"end":{"line":197,"column":null}},{"start":{},"end":{}}],"line":163},"7":{"loc":{"start":{"line":164,"column":19},"end":{"line":164,"column":33}},"type":"default-arg","locations":[{"start":{"line":164,"column":27},"end":{"line":164,"column":33}}],"line":164},"8":{"loc":{"start":{"line":167,"column":42},"end":{"line":167,"column":72}},"type":"binary-expr","locations":[{"start":{"line":167,"column":42},"end":{"line":167,"column":69}},{"start":{"line":167,"column":69},"end":{"line":167,"column":72}}],"line":167},"9":{"loc":{"start":{"line":172,"column":6},"end":{"line":175,"column":null}},"type":"if","locations":[{"start":{"line":172,"column":6},"end":{"line":175,"column":null}},{"start":{},"end":{}}],"line":172},"10":{"loc":{"start":{"line":174,"column":24},"end":{"line":174,"column":55}},"type":"binary-expr","locations":[{"start":{"line":174,"column":24},"end":{"line":174,"column":35}},{"start":{"line":174,"column":35},"end":{"line":174,"column":55}}],"line":174},"11":{"loc":{"start":{"line":200,"column":2},"end":{"line":240,"column":null}},"type":"if","locations":[{"start":{"line":200,"column":2},"end":{"line":240,"column":null}},{"start":{},"end":{}}],"line":200},"12":{"loc":{"start":{"line":201,"column":19},"end":{"line":201,"column":31}},"type":"default-arg","locations":[{"start":{"line":201,"column":27},"end":{"line":201,"column":31}}],"line":201},"13":{"loc":{"start":{"line":206,"column":42},"end":{"line":206,"column":73}},"type":"binary-expr","locations":[{"start":{"line":206,"column":42},"end":{"line":206,"column":69}},{"start":{"line":206,"column":69},"end":{"line":206,"column":73}}],"line":206},"14":{"loc":{"start":{"line":208,"column":6},"end":{"line":208,"column":null}},"type":"if","locations":[{"start":{"line":208,"column":6},"end":{"line":208,"column":null}},{"start":{},"end":{}}],"line":208},"15":{"loc":{"start":{"line":212,"column":6},"end":{"line":215,"column":null}},"type":"if","locations":[{"start":{"line":212,"column":6},"end":{"line":215,"column":null}},{"start":{},"end":{}}],"line":212},"16":{"loc":{"start":{"line":214,"column":24},"end":{"line":214,"column":55}},"type":"binary-expr","locations":[{"start":{"line":214,"column":24},"end":{"line":214,"column":35}},{"start":{"line":214,"column":35},"end":{"line":214,"column":55}}],"line":214},"17":{"loc":{"start":{"line":220,"column":23},"end":{"line":220,"column":null}},"type":"cond-expr","locations":[{"start":{"line":220,"column":39},"end":{"line":220,"column":63}},{"start":{"line":220,"column":63},"end":{"line":220,"column":null}}],"line":220},"18":{"loc":{"start":{"line":243,"column":2},"end":{"line":262,"column":null}},"type":"if","locations":[{"start":{"line":243,"column":2},"end":{"line":262,"column":null}},{"start":{},"end":{}}],"line":243},"19":{"loc":{"start":{"line":244,"column":18},"end":{"line":244,"column":48}},"type":"default-arg","locations":[{"start":{"line":244,"column":32},"end":{"line":244,"column":48}}],"line":244},"20":{"loc":{"start":{"line":257,"column":22},"end":{"line":257,"column":null}},"type":"binary-expr","locations":[{"start":{"line":257,"column":22},"end":{"line":257,"column":65}},{"start":{"line":257,"column":65},"end":{"line":257,"column":null}}],"line":257},"21":{"loc":{"start":{"line":265,"column":2},"end":{"line":299,"column":null}},"type":"if","locations":[{"start":{"line":265,"column":2},"end":{"line":299,"column":null}},{"start":{},"end":{}}],"line":265},"22":{"loc":{"start":{"line":270,"column":6},"end":{"line":270,"column":null}},"type":"if","locations":[{"start":{"line":270,"column":6},"end":{"line":270,"column":null}},{"start":{},"end":{}}],"line":270},"23":{"loc":{"start":{"line":271,"column":6},"end":{"line":271,"column":null}},"type":"if","locations":[{"start":{"line":271,"column":6},"end":{"line":271,"column":null}},{"start":{},"end":{}}],"line":271},"24":{"loc":{"start":{"line":277,"column":8},"end":{"line":277,"column":null}},"type":"if","locations":[{"start":{"line":277,"column":8},"end":{"line":277,"column":null}},{"start":{},"end":{}}],"line":277},"25":{"loc":{"start":{"line":278,"column":8},"end":{"line":280,"column":null}},"type":"if","locations":[{"start":{"line":278,"column":8},"end":{"line":280,"column":null}},{"start":{},"end":{}}],"line":278},"26":{"loc":{"start":{"line":278,"column":12},"end":{"line":278,"column":110}},"type":"binary-expr","locations":[{"start":{"line":278,"column":12},"end":{"line":278,"column":51}},{"start":{"line":278,"column":51},"end":{"line":278,"column":78}},{"start":{"line":278,"column":78},"end":{"line":278,"column":110}}],"line":278},"27":{"loc":{"start":{"line":302,"column":2},"end":{"line":329,"column":null}},"type":"if","locations":[{"start":{"line":302,"column":2},"end":{"line":329,"column":null}},{"start":{},"end":{}}],"line":302},"28":{"loc":{"start":{"line":305,"column":6},"end":{"line":305,"column":null}},"type":"if","locations":[{"start":{"line":305,"column":6},"end":{"line":305,"column":null}},{"start":{},"end":{}}],"line":305},"29":{"loc":{"start":{"line":322,"column":44},"end":{"line":322,"column":82}},"type":"cond-expr","locations":[{"start":{"line":322,"column":72},"end":{"line":322,"column":78}},{"start":{"line":322,"column":78},"end":{"line":322,"column":82}}],"line":322},"30":{"loc":{"start":{"line":322,"column":92},"end":{"line":322,"column":null}},"type":"cond-expr","locations":[{"start":{"line":322,"column":118},"end":{"line":322,"column":124}},{"start":{"line":322,"column":124},"end":{"line":322,"column":null}}],"line":322}},"s":{"0":1,"1":1,"2":1,"3":1,"4":1,"5":1,"6":1,"7":1,"8":1,"9":1,"10":0,"11":0,"12":0,"13":0,"14":0,"15":0,"16":0,"17":0,"18":0,"19":0,"20":0,"21":0,"22":0,"23":0,"24":0,"25":1,"26":0,"27":0,"28":0,"29":0,"30":0,"31":0,"32":0,"33":0,"34":0,"35":0,"36":0,"37":0,"38":0,"39":0,"40":1,"41":0,"42":0,"43":0,"44":0,"45":0,"46":0,"47":0,"48":0,"49":0,"50":0,"51":0,"52":0,"53":0,"54":0,"55":0,"56":0,"57":0,"58":1,"59":0,"60":0,"61":0,"62":0,"63":0,"64":0,"65":1,"66":1,"67":1,"68":1,"69":1,"70":0,"71":1,"72":0,"73":1,"74":1,"75":1,"76":1,"77":2,"78":1,"79":2,"80":1,"81":1,"82":1,"83":0,"84":0,"85":0,"86":0,"87":0,"88":0,"89":0,"90":0,"91":0,"92":0,"93":1,"94":1,"95":1},"f":{"0":1,"1":1,"2":0,"3":0,"4":0,"5":0,"6":0,"7":0},"b":{"0":[1,0],"1":[0,1],"2":[0],"3":[0,0],"4":[0,0],"5":[0,0],"6":[0,1],"7":[0],"8":[0,0],"9":[0,0],"10":[0,0],"11":[0,1],"12":[0],"13":[0,0],"14":[0,0],"15":[0,0],"16":[0,0],"17":[0,0],"18":[0,1],"19":[0],"20":[0,0],"21":[1,0],"22":[0,1],"23":[0,1],"24":[1,1],"25":[1,1],"26":[2,1,1],"27":[0,0],"28":[0,0],"29":[0,0],"30":[0,0]},"meta":{"lastBranch":31,"lastFunction":8,"lastStatement":96,"seen":{"s:26:0:26:Infinity":0,"s:28:19:28:Infinity":1,"b:28:19:28:49:28:49:28:Infinity":0,"s:29:21:29:Infinity":2,"s:31:13:31:Infinity":3,"s:34:15:37:Infinity":4,"s:39:0:117:Infinity":5,"f:39:49:39:62":0,"s:39:62:117:2":6,"s:119:0:332:Infinity":7,"f:119:48:119:55":1,"s:120:36:120:Infinity":8,"b:123:2:160:Infinity:undefined:undefined:undefined:undefined":1,"s:123:2:160:Infinity":9,"s:124:44:124:Infinity":10,"b:124:27:124:30":2,"s:126:4:159:Infinity":11,"s:127:21:127:Infinity":12,"b:128:6:128:Infinity:undefined:undefined:undefined:undefined":3,"s:128:6:128:Infinity":13,"s:128:21:128:Infinity":14,"s:133:18:133:Infinity":15,"b:135:6:138:Infinity:undefined:undefined:undefined:undefined":4,"s:135:6:138:Infinity":16,"s:136:18:136:Infinity":17,"f:136:35:136:48":2,"s:136:48:136:51":18,"s:137:8:137:Infinity":19,"b:137:24:137:35:137:35:137:55":5,"s:140:19:140:Infinity":20,"s:141:24:143:Infinity":21,"f:142:9:142:14":3,"s:142:36:142:96":22,"s:145:6:156:Infinity":23,"s:158:6:158:Infinity":24,"b:163:2:197:Infinity:undefined:undefined:undefined:undefined":6,"s:163:2:197:Infinity":25,"s:164:33:164:Infinity":26,"b:164:27:164:33":7,"s:166:4:196:Infinity":27,"s:167:24:167:Infinity":28,"b:167:42:167:69:167:69:167:72":8,"s:168:21:168:Infinity":29,"s:170:18:170:Infinity":30,"b:172:6:175:Infinity:undefined:undefined:undefined:undefined":9,"s:172:6:175:Infinity":31,"s:173:23:173:Infinity":32,"f:173:40:173:53":4,"s:173:53:173:56":33,"s:174:8:174:Infinity":34,"b:174:24:174:35:174:35:174:55":10,"s:177:24:177:Infinity":35,"s:178:24:180:Infinity":36,"f:179:9:179:14":5,"s:179:36:179:128":37,"s:182:6:193:Infinity":38,"s:195:6:195:Infinity":39,"b:200:2:240:Infinity:undefined:undefined:undefined:undefined":11,"s:200:2:240:Infinity":40,"s:201:45:201:Infinity":41,"b:201:27:201:31":12,"s:205:4:239:Infinity":42,"s:206:24:206:Infinity":43,"b:206:42:206:69:206:69:206:73":13,"s:207:21:207:Infinity":44,"b:208:6:208:Infinity:undefined:undefined:undefined:undefined":14,"s:208:6:208:Infinity":45,"s:208:21:208:Infinity":46,"s:210:18:210:Infinity":47,"b:212:6:215:Infinity:undefined:undefined:undefined:undefined":15,"s:212:6:215:Infinity":48,"s:213:23:213:Infinity":49,"f:213:40:213:53":6,"s:213:53:213:56":50,"s:214:8:214:Infinity":51,"b:214:24:214:35:214:35:214:55":16,"s:217:24:217:Infinity":52,"s:218:24:223:Infinity":53,"f:219:9:219:14":7,"s:220:23:220:Infinity":54,"b:220:39:220:63:220:63:220:Infinity":17,"s:221:10:221:Infinity":55,"s:225:6:236:Infinity":56,"s:238:6:238:Infinity":57,"b:243:2:262:Infinity:undefined:undefined:undefined:undefined":18,"s:243:2:262:Infinity":58,"s:244:48:244:Infinity":59,"b:244:32:244:48":19,"s:246:4:261:Infinity":60,"s:247:25:255:Infinity":61,"s:257:22:257:Infinity":62,"b:257:22:257:65:257:65:257:Infinity":20,"s:258:6:258:Infinity":63,"s:260:6:260:Infinity":64,"b:265:2:299:Infinity:undefined:undefined:undefined:undefined":21,"s:265:2:299:Infinity":65,"s:266:24:266:Infinity":66,"s:268:4:298:Infinity":67,"s:269:18:269:Infinity":68,"b:270:6:270:Infinity:undefined:undefined:undefined:undefined":22,"s:270:6:270:Infinity":69,"s:270:30:270:Infinity":70,"b:271:6:271:Infinity:undefined:undefined:undefined:undefined":23,"s:271:6:271:Infinity":71,"s:271:19:271:Infinity":72,"s:273:22:273:Infinity":73,"s:274:16:274:21":74,"s:274:28:274:Infinity":75,"s:276:6:281:Infinity":76,"b:277:8:277:Infinity:undefined:undefined:undefined:undefined":24,"s:277:8:277:Infinity":77,"s:277:39:277:Infinity":78,"b:278:8:280:Infinity:undefined:undefined:undefined:undefined":25,"s:278:8:280:Infinity":79,"b:278:12:278:51:278:51:278:78:278:78:278:110":26,"s:279:10:279:Infinity":80,"s:283:22:283:Infinity":81,"s:284:6:295:Infinity":82,"s:297:6:297:Infinity":83,"b:302:2:329:Infinity:undefined:undefined:undefined:undefined":27,"s:302:2:329:Infinity":84,"s:303:4:328:Infinity":85,"s:304:18:304:Infinity":86,"b:305:6:305:Infinity:undefined:undefined:undefined:undefined":28,"s:305:6:305:Infinity":87,"s:305:19:305:Infinity":88,"s:307:20:307:Infinity":89,"s:309:6:325:Infinity":90,"b:322:72:322:78:322:78:322:82":29,"b:322:118:322:124:322:124:322:Infinity":30,"s:327:6:327:Infinity":91,"s:331:2:331:Infinity":92,"s:334:18:334:Infinity":93,"s:335:0:335:Infinity":94,"s:336:0:336:Infinity":95},"fnNames":{}}}
,"/home/daytona/codebase/server/corsConfig.ts": {"path":"/home/daytona/codebase/server/corsConfig.ts","statementMap":{"0":{"start":{"line":7,"column":29},"end":{"line":14,"column":null}},"1":{"start":{"line":16,"column":29},"end":{"line":19,"column":null}},"2":{"start":{"line":21,"column":21},"end":{"line":21,"column":null}},"3":{"start":{"line":24,"column":2},"end":{"line":27,"column":null}},"4":{"start":{"line":26,"column":20},"end":{"line":26,"column":32}},"5":{"start":{"line":31,"column":2},"end":{"line":31,"column":null}},"6":{"start":{"line":35,"column":2},"end":{"line":37,"column":null}},"7":{"start":{"line":36,"column":4},"end":{"line":36,"column":null}},"8":{"start":{"line":39,"column":18},"end":{"line":39,"column":null}},"9":{"start":{"line":40,"column":2},"end":{"line":42,"column":null}},"10":{"start":{"line":41,"column":4},"end":{"line":41,"column":null}},"11":{"start":{"line":44,"column":2},"end":{"line":44,"column":null}},"12":{"start":{"line":48,"column":28},"end":{"line":52,"column":null}},"13":{"start":{"line":54,"column":2},"end":{"line":56,"column":null}},"14":{"start":{"line":55,"column":4},"end":{"line":55,"column":null}},"15":{"start":{"line":58,"column":18},"end":{"line":58,"column":null}},"16":{"start":{"line":60,"column":2},"end":{"line":64,"column":null}},"17":{"start":{"line":61,"column":4},"end":{"line":63,"column":null}},"18":{"start":{"line":66,"column":2},"end":{"line":76,"column":null}},"19":{"start":{"line":69,"column":6},"end":{"line":72,"column":null}},"20":{"start":{"line":70,"column":8},"end":{"line":70,"column":null}},"21":{"start":{"line":71,"column":8},"end":{"line":71,"column":null}},"22":{"start":{"line":74,"column":6},"end":{"line":74,"column":null}}},"fnMap":{"0":{"name":"parseAllowedOrigins","decl":{"start":{"line":23,"column":16},"end":{"line":23,"column":36}},"loc":{"start":{"line":23,"column":60},"end":{"line":28,"column":null}},"line":23},"1":{"name":"(anonymous_1)","decl":{"start":{"line":26,"column":5},"end":{"line":26,"column":10}},"loc":{"start":{"line":26,"column":20},"end":{"line":26,"column":32}},"line":26},"2":{"name":"isProductionEnv","decl":{"start":{"line":30,"column":16},"end":{"line":30,"column":43}},"loc":{"start":{"line":30,"column":43},"end":{"line":32,"column":null}},"line":30},"3":{"name":"getCorsStartupMessage","decl":{"start":{"line":34,"column":16},"end":{"line":34,"column":48}},"loc":{"start":{"line":34,"column":48},"end":{"line":45,"column":null}},"line":34},"4":{"name":"buildCorsOptions","decl":{"start":{"line":47,"column":16},"end":{"line":47,"column":48}},"loc":{"start":{"line":47,"column":48},"end":{"line":77,"column":null}},"line":47},"5":{"name":"origin","decl":{"start":{"line":68,"column":4},"end":{"line":68,"column":11}},"loc":{"start":{"line":68,"column":29},"end":{"line":75,"column":null}},"line":68}},"branchMap":{"0":{"loc":{"start":{"line":24,"column":10},"end":{"line":24,"column":null}},"type":"binary-expr","locations":[{"start":{"line":24,"column":10},"end":{"line":24,"column":17}},{"start":{"line":24,"column":17},"end":{"line":24,"column":null}}],"line":24},"1":{"loc":{"start":{"line":35,"column":2},"end":{"line":37,"column":null}},"type":"if","locations":[{"start":{"line":35,"column":2},"end":{"line":37,"column":null}},{"start":{},"end":{}}],"line":35},"2":{"loc":{"start":{"line":40,"column":2},"end":{"line":42,"column":null}},"type":"if","locations":[{"start":{"line":40,"column":2},"end":{"line":42,"column":null}},{"start":{},"end":{}}],"line":40},"3":{"loc":{"start":{"line":44,"column":53},"end":{"line":44,"column":85}},"type":"cond-expr","locations":[{"start":{"line":44,"column":76},"end":{"line":44,"column":81}},{"start":{"line":44,"column":81},"end":{"line":44,"column":85}}],"line":44},"4":{"loc":{"start":{"line":54,"column":2},"end":{"line":56,"column":null}},"type":"if","locations":[{"start":{"line":54,"column":2},"end":{"line":56,"column":null}},{"start":{},"end":{}}],"line":54},"5":{"loc":{"start":{"line":60,"column":2},"end":{"line":64,"column":null}},"type":"if","locations":[{"start":{"line":60,"column":2},"end":{"line":64,"column":null}},{"start":{},"end":{}}],"line":60},"6":{"loc":{"start":{"line":69,"column":6},"end":{"line":72,"column":null}},"type":"if","locations":[{"start":{"line":69,"column":6},"end":{"line":72,"column":null}},{"start":{},"end":{}}],"line":69}},"s":{"0":3,"1":3,"2":3,"3":13,"4":19,"5":19,"6":7,"7":3,"8":4,"9":4,"10":2,"11":2,"12":8,"13":8,"14":5,"15":3,"16":3,"17":1,"18":3,"19":8,"20":4,"21":4,"22":4},"f":{"0":13,"1":19,"2":19,"3":7,"4":8,"5":8},"b":{"0":[13,3],"1":[3,4],"2":[2,2],"3":[1,1],"4":[5,3],"5":[1,2],"6":[4,4]},"meta":{"lastBranch":7,"lastFunction":6,"lastStatement":23,"seen":{"s:7:29:14:Infinity":0,"s:16:29:19:Infinity":1,"s:21:21:21:Infinity":2,"f:23:16:23:36":0,"s:24:2:27:Infinity":3,"b:24:10:24:17:24:17:24:Infinity":0,"f:26:5:26:10":1,"s:26:20:26:32":4,"f:30:16:30:43":2,"s:31:2:31:Infinity":5,"f:34:16:34:48":3,"b:35:2:37:Infinity:undefined:undefined:undefined:undefined":1,"s:35:2:37:Infinity":6,"s:36:4:36:Infinity":7,"s:39:18:39:Infinity":8,"b:40:2:42:Infinity:undefined:undefined:undefined:undefined":2,"s:40:2:42:Infinity":9,"s:41:4:41:Infinity":10,"s:44:2:44:Infinity":11,"b:44:76:44:81:44:81:44:85":3,"f:47:16:47:48":4,"s:48:28:52:Infinity":12,"b:54:2:56:Infinity:undefined:undefined:undefined:undefined":4,"s:54:2:56:Infinity":13,"s:55:4:55:Infinity":14,"s:58:18:58:Infinity":15,"b:60:2:64:Infinity:undefined:undefined:undefined:undefined":5,"s:60:2:64:Infinity":16,"s:61:4:63:Infinity":17,"s:66:2:76:Infinity":18,"f:68:4:68:11":5,"b:69:6:72:Infinity:undefined:undefined:undefined:undefined":6,"s:69:6:72:Infinity":19,"s:70:8:70:Infinity":20,"s:71:8:71:Infinity":21,"s:74:6:74:Infinity":22},"fnNames":{}}}
,"/home/daytona/codebase/server/index.ts": {"path":"/home/daytona/codebase/server/index.ts","statementMap":{"0":{"start":{"line":33,"column":0},"end":{"line":33,"column":null}},"1":{"start":{"line":35,"column":13},"end":{"line":35,"column":21}},"2":{"start":{"line":36,"column":13},"end":{"line":36,"column":null}},"3":{"start":{"line":37,"column":30},"end":{"line":37,"column":null}},"4":{"start":{"line":39,"column":16},"end":{"line":48,"column":null}},"5":{"start":{"line":45,"column":4},"end":{"line":45,"column":null}},"6":{"start":{"line":46,"column":4},"end":{"line":46,"column":null}},"7":{"start":{"line":51,"column":0},"end":{"line":75,"column":null}},"8":{"start":{"line":76,"column":0},"end":{"line":76,"column":null}},"9":{"start":{"line":77,"column":0},"end":{"line":77,"column":null}},"10":{"start":{"line":78,"column":0},"end":{"line":78,"column":null}},"11":{"start":{"line":81,"column":14},"end":{"line":86,"column":null}},"12":{"start":{"line":89,"column":26},"end":{"line":89,"column":null}},"13":{"start":{"line":90,"column":26},"end":{"line":90,"column":null}},"14":{"start":{"line":91,"column":26},"end":{"line":91,"column":null}},"15":{"start":{"line":92,"column":26},"end":{"line":92,"column":null}},"16":{"start":{"line":93,"column":26},"end":{"line":93,"column":null}},"17":{"start":{"line":95,"column":0},"end":{"line":95,"column":null}},"18":{"start":{"line":95,"column":24},"end":{"line":95,"column":null}},"19":{"start":{"line":96,"column":0},"end":{"line":96,"column":null}},"20":{"start":{"line":96,"column":24},"end":{"line":96,"column":null}},"21":{"start":{"line":97,"column":0},"end":{"line":97,"column":null}},"22":{"start":{"line":97,"column":24},"end":{"line":97,"column":null}},"23":{"start":{"line":100,"column":13},"end":{"line":100,"column":null}},"24":{"start":{"line":105,"column":20},"end":{"line":111,"column":null}},"25":{"start":{"line":113,"column":19},"end":{"line":126,"column":null}},"26":{"start":{"line":128,"column":26},"end":{"line":128,"column":null}},"27":{"start":{"line":129,"column":16},"end":{"line":129,"column":null}},"28":{"start":{"line":134,"column":0},"end":{"line":153,"column":null}},"29":{"start":{"line":135,"column":2},"end":{"line":151,"column":null}},"30":{"start":{"line":136,"column":18},"end":{"line":136,"column":null}},"31":{"start":{"line":137,"column":23},"end":{"line":137,"column":null}},"32":{"start":{"line":139,"column":4},"end":{"line":150,"column":null}},"33":{"start":{"line":140,"column":26},"end":{"line":140,"column":null}},"34":{"start":{"line":141,"column":6},"end":{"line":142,"column":null}},"35":{"start":{"line":141,"column":34},"end":{"line":141,"column":null}},"36":{"start":{"line":142,"column":11},"end":{"line":142,"column":null}},"37":{"start":{"line":142,"column":39},"end":{"line":142,"column":null}},"38":{"start":{"line":144,"column":6},"end":{"line":149,"column":null}},"39":{"start":{"line":152,"column":2},"end":{"line":152,"column":null}},"40":{"start":{"line":155,"column":0},"end":{"line":155,"column":null}},"41":{"start":{"line":157,"column":32},"end":{"line":157,"column":null}},"42":{"start":{"line":165,"column":2},"end":{"line":167,"column":null}},"43":{"start":{"line":166,"column":4},"end":{"line":166,"column":null}},"44":{"start":{"line":168,"column":2},"end":{"line":170,"column":null}},"45":{"start":{"line":169,"column":4},"end":{"line":169,"column":null}},"46":{"start":{"line":173,"column":17},"end":{"line":173,"column":null}},"47":{"start":{"line":174,"column":2},"end":{"line":176,"column":null}},"48":{"start":{"line":175,"column":4},"end":{"line":175,"column":null}},"49":{"start":{"line":177,"column":2},"end":{"line":177,"column":null}},"50":{"start":{"line":181,"column":0},"end":{"line":287,"column":null}},"51":{"start":{"line":182,"column":40},"end":{"line":182,"column":null}},"52":{"start":{"line":184,"column":12},"end":{"line":184,"column":null}},"53":{"start":{"line":185,"column":2},"end":{"line":185,"column":null}},"54":{"start":{"line":185,"column":13},"end":{"line":185,"column":null}},"55":{"start":{"line":186,"column":17},"end":{"line":186,"column":null}},"56":{"start":{"line":188,"column":13},"end":{"line":188,"column":null}},"57":{"start":{"line":190,"column":2},"end":{"line":286,"column":null}},"58":{"start":{"line":191,"column":29},"end":{"line":194,"column":null}},"59":{"start":{"line":197,"column":4},"end":{"line":206,"column":null}},"60":{"start":{"line":198,"column":50},"end":{"line":202,"column":null}},"61":{"start":{"line":203,"column":6},"end":{"line":205,"column":null}},"62":{"start":{"line":204,"column":8},"end":{"line":204,"column":null}},"63":{"start":{"line":208,"column":22},"end":{"line":215,"column":null}},"64":{"start":{"line":217,"column":4},"end":{"line":221,"column":null}},"65":{"start":{"line":218,"column":18},"end":{"line":218,"column":null}},"66":{"start":{"line":219,"column":6},"end":{"line":219,"column":null}},"67":{"start":{"line":220,"column":6},"end":{"line":220,"column":null}},"68":{"start":{"line":223,"column":17},"end":{"line":223,"column":null}},"69":{"start":{"line":224,"column":22},"end":{"line":224,"column":null}},"70":{"start":{"line":226,"column":4},"end":{"line":226,"column":null}},"71":{"start":{"line":227,"column":4},"end":{"line":227,"column":null}},"72":{"start":{"line":228,"column":4},"end":{"line":228,"column":null}},"73":{"start":{"line":229,"column":4},"end":{"line":229,"column":null}},"74":{"start":{"line":229,"column":38},"end":{"line":229,"column":null}},"75":{"start":{"line":231,"column":10},"end":{"line":239,"column":null}},"76":{"start":{"line":231,"column":69},"end":{"line":239,"column":6}},"77":{"start":{"line":236,"column":23},"end":{"line":236,"column":107}},"78":{"start":{"line":236,"column":29},"end":{"line":236,"column":81}},"79":{"start":{"line":236,"column":91},"end":{"line":236,"column":105}},"80":{"start":{"line":242,"column":20},"end":{"line":242,"column":null}},"81":{"start":{"line":245,"column":32},"end":{"line":245,"column":null}},"82":{"start":{"line":246,"column":4},"end":{"line":270,"column":null}},"83":{"start":{"line":247,"column":6},"end":{"line":269,"column":null}},"84":{"start":{"line":248,"column":28},"end":{"line":248,"column":null}},"85":{"start":{"line":248,"column":64},"end":{"line":248,"column":77}},"86":{"start":{"line":249,"column":31},"end":{"line":263,"column":null}},"87":{"start":{"line":264,"column":20},"end":{"line":264,"column":null}},"88":{"start":{"line":265,"column":22},"end":{"line":265,"column":null}},"89":{"start":{"line":266,"column":8},"end":{"line":266,"column":null}},"90":{"start":{"line":266,"column":19},"end":{"line":266,"column":null}},"91":{"start":{"line":268,"column":8},"end":{"line":268,"column":null}},"92":{"start":{"line":272,"column":4},"end":{"line":282,"column":null}},"93":{"start":{"line":284,"column":4},"end":{"line":284,"column":null}},"94":{"start":{"line":285,"column":4},"end":{"line":285,"column":null}},"95":{"start":{"line":290,"column":0},"end":{"line":353,"column":null}},"96":{"start":{"line":291,"column":30},"end":{"line":291,"column":null}},"97":{"start":{"line":293,"column":12},"end":{"line":293,"column":null}},"98":{"start":{"line":294,"column":2},"end":{"line":294,"column":null}},"99":{"start":{"line":294,"column":13},"end":{"line":294,"column":null}},"100":{"start":{"line":295,"column":17},"end":{"line":295,"column":null}},"101":{"start":{"line":297,"column":13},"end":{"line":297,"column":null}},"102":{"start":{"line":299,"column":2},"end":{"line":352,"column":null}},"103":{"start":{"line":300,"column":22},"end":{"line":310,"column":null}},"104":{"start":{"line":312,"column":4},"end":{"line":316,"column":null}},"105":{"start":{"line":313,"column":18},"end":{"line":313,"column":null}},"106":{"start":{"line":314,"column":6},"end":{"line":314,"column":null}},"107":{"start":{"line":315,"column":6},"end":{"line":315,"column":null}},"108":{"start":{"line":318,"column":17},"end":{"line":318,"column":null}},"109":{"start":{"line":319,"column":22},"end":{"line":319,"column":null}},"110":{"start":{"line":321,"column":4},"end":{"line":321,"column":null}},"111":{"start":{"line":322,"column":4},"end":{"line":322,"column":null}},"112":{"start":{"line":323,"column":4},"end":{"line":323,"column":null}},"113":{"start":{"line":324,"column":4},"end":{"line":324,"column":null}},"114":{"start":{"line":324,"column":38},"end":{"line":324,"column":null}},"115":{"start":{"line":326,"column":10},"end":{"line":335,"column":null}},"116":{"start":{"line":326,"column":68},"end":{"line":335,"column":6}},"117":{"start":{"line":332,"column":23},"end":{"line":332,"column":107}},"118":{"start":{"line":332,"column":29},"end":{"line":332,"column":81}},"119":{"start":{"line":332,"column":91},"end":{"line":332,"column":105}},"120":{"start":{"line":337,"column":20},"end":{"line":337,"column":null}},"121":{"start":{"line":339,"column":4},"end":{"line":348,"column":null}},"122":{"start":{"line":350,"column":4},"end":{"line":350,"column":null}},"123":{"start":{"line":351,"column":4},"end":{"line":351,"column":null}},"124":{"start":{"line":356,"column":0},"end":{"line":431,"column":null}},"125":{"start":{"line":357,"column":41},"end":{"line":357,"column":null}},"126":{"start":{"line":359,"column":12},"end":{"line":359,"column":null}},"127":{"start":{"line":360,"column":2},"end":{"line":360,"column":null}},"128":{"start":{"line":360,"column":13},"end":{"line":360,"column":null}},"129":{"start":{"line":361,"column":17},"end":{"line":361,"column":null}},"130":{"start":{"line":363,"column":13},"end":{"line":363,"column":null}},"131":{"start":{"line":365,"column":2},"end":{"line":430,"column":null}},"132":{"start":{"line":366,"column":29},"end":{"line":369,"column":null}},"133":{"start":{"line":371,"column":4},"end":{"line":380,"column":null}},"134":{"start":{"line":372,"column":50},"end":{"line":376,"column":null}},"135":{"start":{"line":377,"column":6},"end":{"line":379,"column":null}},"136":{"start":{"line":378,"column":8},"end":{"line":378,"column":null}},"137":{"start":{"line":382,"column":22},"end":{"line":389,"column":null}},"138":{"start":{"line":391,"column":4},"end":{"line":395,"column":null}},"139":{"start":{"line":392,"column":18},"end":{"line":392,"column":null}},"140":{"start":{"line":393,"column":6},"end":{"line":393,"column":null}},"141":{"start":{"line":394,"column":6},"end":{"line":394,"column":null}},"142":{"start":{"line":397,"column":17},"end":{"line":397,"column":null}},"143":{"start":{"line":398,"column":22},"end":{"line":398,"column":null}},"144":{"start":{"line":400,"column":4},"end":{"line":400,"column":null}},"145":{"start":{"line":401,"column":4},"end":{"line":401,"column":null}},"146":{"start":{"line":402,"column":4},"end":{"line":402,"column":null}},"147":{"start":{"line":403,"column":4},"end":{"line":403,"column":null}},"148":{"start":{"line":403,"column":38},"end":{"line":403,"column":null}},"149":{"start":{"line":405,"column":10},"end":{"line":413,"column":null}},"150":{"start":{"line":405,"column":66},"end":{"line":413,"column":6}},"151":{"start":{"line":410,"column":35},"end":{"line":410,"column":119}},"152":{"start":{"line":410,"column":41},"end":{"line":410,"column":93}},"153":{"start":{"line":410,"column":103},"end":{"line":410,"column":117}},"154":{"start":{"line":415,"column":20},"end":{"line":415,"column":null}},"155":{"start":{"line":417,"column":4},"end":{"line":426,"column":null}},"156":{"start":{"line":428,"column":4},"end":{"line":428,"column":null}},"157":{"start":{"line":429,"column":4},"end":{"line":429,"column":null}},"158":{"start":{"line":434,"column":0},"end":{"line":456,"column":null}},"159":{"start":{"line":435,"column":14},"end":{"line":437,"column":null}},"160":{"start":{"line":436,"column":50},"end":{"line":436,"column":57}},"161":{"start":{"line":439,"column":13},"end":{"line":439,"column":null}},"162":{"start":{"line":440,"column":17},"end":{"line":440,"column":null}},"163":{"start":{"line":442,"column":2},"end":{"line":455,"column":null}},"164":{"start":{"line":462,"column":0},"end":{"line":555,"column":null}},"165":{"start":{"line":463,"column":46},"end":{"line":463,"column":null}},"166":{"start":{"line":468,"column":2},"end":{"line":470,"column":null}},"167":{"start":{"line":469,"column":4},"end":{"line":469,"column":null}},"168":{"start":{"line":473,"column":27},"end":{"line":477,"column":null}},"169":{"start":{"line":480,"column":16},"end":{"line":482,"column":null}},"170":{"start":{"line":484,"column":8},"end":{"line":486,"column":null}},"171":{"start":{"line":488,"column":23},"end":{"line":495,"column":null}},"172":{"start":{"line":497,"column":2},"end":{"line":512,"column":null}},"173":{"start":{"line":498,"column":4},"end":{"line":511,"column":null}},"174":{"start":{"line":499,"column":25},"end":{"line":504,"column":null}},"175":{"start":{"line":506,"column":22},"end":{"line":506,"column":null}},"176":{"start":{"line":507,"column":6},"end":{"line":507,"column":null}},"177":{"start":{"line":509,"column":6},"end":{"line":509,"column":null}},"178":{"start":{"line":510,"column":6},"end":{"line":510,"column":null}},"179":{"start":{"line":515,"column":2},"end":{"line":515,"column":null}},"180":{"start":{"line":516,"column":2},"end":{"line":516,"column":null}},"181":{"start":{"line":517,"column":2},"end":{"line":517,"column":null}},"182":{"start":{"line":519,"column":2},"end":{"line":519,"column":null}},"183":{"start":{"line":520,"column":2},"end":{"line":520,"column":null}},"184":{"start":{"line":522,"column":8},"end":{"line":525,"column":null}},"185":{"start":{"line":523,"column":4},"end":{"line":523,"column":null}},"186":{"start":{"line":524,"column":4},"end":{"line":524,"column":null}},"187":{"start":{"line":528,"column":21},"end":{"line":528,"column":null}},"188":{"start":{"line":529,"column":2},"end":{"line":529,"column":null}},"189":{"start":{"line":529,"column":24},"end":{"line":529,"column":42}},"190":{"start":{"line":531,"column":2},"end":{"line":554,"column":null}},"191":{"start":{"line":532,"column":19},"end":{"line":541,"column":null}},"192":{"start":{"line":543,"column":4},"end":{"line":546,"column":null}},"193":{"start":{"line":544,"column":20},"end":{"line":544,"column":null}},"194":{"start":{"line":545,"column":6},"end":{"line":545,"column":null}},"195":{"start":{"line":545,"column":17},"end":{"line":545,"column":null}},"196":{"start":{"line":547,"column":4},"end":{"line":547,"column":null}},"197":{"start":{"line":548,"column":4},"end":{"line":548,"column":null}},"198":{"start":{"line":550,"column":4},"end":{"line":550,"column":null}},"199":{"start":{"line":550,"column":35},"end":{"line":550,"column":null}},"200":{"start":{"line":551,"column":4},"end":{"line":551,"column":null}},"201":{"start":{"line":552,"column":4},"end":{"line":552,"column":null}},"202":{"start":{"line":553,"column":4},"end":{"line":553,"column":null}},"203":{"start":{"line":561,"column":0},"end":{"line":574,"column":null}},"204":{"start":{"line":562,"column":2},"end":{"line":573,"column":null}},"205":{"start":{"line":577,"column":0},"end":{"line":587,"column":null}},"206":{"start":{"line":578,"column":2},"end":{"line":586,"column":null}},"207":{"start":{"line":579,"column":4},"end":{"line":579,"column":null}},"208":{"start":{"line":580,"column":4},"end":{"line":580,"column":null}},"209":{"start":{"line":581,"column":4},"end":{"line":581,"column":null}},"210":{"start":{"line":582,"column":4},"end":{"line":582,"column":null}},"211":{"start":{"line":583,"column":4},"end":{"line":583,"column":null}},"212":{"start":{"line":584,"column":4},"end":{"line":584,"column":null}},"213":{"start":{"line":585,"column":4},"end":{"line":585,"column":null}}},"fnMap":{"0":{"name":"(anonymous_0)","decl":{"start":{"line":44,"column":2},"end":{"line":44,"column":12}},"loc":{"start":{"line":44,"column":45},"end":{"line":47,"column":null}},"line":44},"1":{"name":"(anonymous_1)","decl":{"start":{"line":134,"column":4},"end":{"line":134,"column":9}},"loc":{"start":{"line":134,"column":28},"end":{"line":153,"column":1}},"line":134},"2":{"name":"(anonymous_2)","decl":{"start":{"line":139,"column":11},"end":{"line":139,"column":27}},"loc":{"start":{"line":139,"column":27},"end":{"line":150,"column":5}},"line":139},"3":{"name":"validateQuery","decl":{"start":{"line":162,"column":16},"end":{"line":162,"column":null}},"loc":{"start":{"line":164,"column":63},"end":{"line":178,"column":null}},"line":164},"4":{"name":"(anonymous_4)","decl":{"start":{"line":181,"column":19},"end":{"line":181,"column":26}},"loc":{"start":{"line":181,"column":58},"end":{"line":287,"column":1}},"line":181},"5":{"name":"(anonymous_5)","decl":{"start":{"line":231,"column":41},"end":{"line":231,"column":46}},"loc":{"start":{"line":231,"column":69},"end":{"line":239,"column":6}},"line":231},"6":{"name":"(anonymous_6)","decl":{"start":{"line":236,"column":6},"end":{"line":236,"column":21}},"loc":{"start":{"line":236,"column":21},"end":{"line":236,"column":110}},"line":236},"7":{"name":"(anonymous_7)","decl":{"start":{"line":248,"column":48},"end":{"line":248,"column":53}},"loc":{"start":{"line":248,"column":64},"end":{"line":248,"column":77}},"line":248},"8":{"name":"(anonymous_8)","decl":{"start":{"line":290,"column":19},"end":{"line":290,"column":26}},"loc":{"start":{"line":290,"column":58},"end":{"line":353,"column":1}},"line":290},"9":{"name":"(anonymous_9)","decl":{"start":{"line":326,"column":40},"end":{"line":326,"column":45}},"loc":{"start":{"line":326,"column":68},"end":{"line":335,"column":6}},"line":326},"10":{"name":"(anonymous_10)","decl":{"start":{"line":332,"column":6},"end":{"line":332,"column":21}},"loc":{"start":{"line":332,"column":21},"end":{"line":332,"column":110}},"line":332},"11":{"name":"(anonymous_11)","decl":{"start":{"line":356,"column":17},"end":{"line":356,"column":24}},"loc":{"start":{"line":356,"column":56},"end":{"line":431,"column":1}},"line":356},"12":{"name":"(anonymous_12)","decl":{"start":{"line":405,"column":38},"end":{"line":405,"column":43}},"loc":{"start":{"line":405,"column":66},"end":{"line":413,"column":6}},"line":405},"13":{"name":"(anonymous_13)","decl":{"start":{"line":410,"column":16},"end":{"line":410,"column":33}},"loc":{"start":{"line":410,"column":33},"end":{"line":410,"column":122}},"line":410},"14":{"name":"(anonymous_14)","decl":{"start":{"line":434,"column":8},"end":{"line":434,"column":20}},"loc":{"start":{"line":434,"column":53},"end":{"line":456,"column":1}},"line":434},"15":{"name":"(anonymous_15)","decl":{"start":{"line":436,"column":33},"end":{"line":436,"column":41}},"loc":{"start":{"line":436,"column":50},"end":{"line":436,"column":57}},"line":436},"16":{"name":"(anonymous_16)","decl":{"start":{"line":462,"column":21},"end":{"line":462,"column":28}},"loc":{"start":{"line":462,"column":60},"end":{"line":555,"column":1}},"line":462},"17":{"name":"(anonymous_17)","decl":{"start":{"line":522,"column":8},"end":{"line":522,"column":21}},"loc":{"start":{"line":522,"column":70},"end":{"line":525,"column":null}},"line":522},"18":{"name":"(anonymous_18)","decl":{"start":{"line":529,"column":9},"end":{"line":529,"column":24}},"loc":{"start":{"line":529,"column":24},"end":{"line":529,"column":42}},"line":529},"19":{"name":"(anonymous_19)","decl":{"start":{"line":561,"column":8},"end":{"line":561,"column":14}},"loc":{"start":{"line":561,"column":47},"end":{"line":574,"column":1}},"line":561},"20":{"name":"(anonymous_20)","decl":{"start":{"line":578,"column":13},"end":{"line":578,"column":25}},"loc":{"start":{"line":578,"column":25},"end":{"line":586,"column":3}},"line":578}},"branchMap":{"0":{"loc":{"start":{"line":36,"column":13},"end":{"line":36,"column":null}},"type":"binary-expr","locations":[{"start":{"line":36,"column":13},"end":{"line":36,"column":33}},{"start":{"line":36,"column":33},"end":{"line":36,"column":null}}],"line":36},"1":{"loc":{"start":{"line":37,"column":39},"end":{"line":37,"column":82}},"type":"binary-expr","locations":[{"start":{"line":37,"column":39},"end":{"line":37,"column":76}},{"start":{"line":37,"column":76},"end":{"line":37,"column":82}}],"line":37},"2":{"loc":{"start":{"line":90,"column":26},"end":{"line":90,"column":null}},"type":"binary-expr","locations":[{"start":{"line":90,"column":26},"end":{"line":90,"column":59}},{"start":{"line":90,"column":59},"end":{"line":90,"column":null}}],"line":90},"3":{"loc":{"start":{"line":95,"column":0},"end":{"line":95,"column":null}},"type":"if","locations":[{"start":{"line":95,"column":0},"end":{"line":95,"column":null}},{"start":{},"end":{}}],"line":95},"4":{"loc":{"start":{"line":96,"column":0},"end":{"line":96,"column":null}},"type":"if","locations":[{"start":{"line":96,"column":0},"end":{"line":96,"column":null}},{"start":{},"end":{}}],"line":96},"5":{"loc":{"start":{"line":97,"column":0},"end":{"line":97,"column":null}},"type":"if","locations":[{"start":{"line":97,"column":0},"end":{"line":97,"column":null}},{"start":{},"end":{}}],"line":97},"6":{"loc":{"start":{"line":135,"column":2},"end":{"line":151,"column":null}},"type":"if","locations":[{"start":{"line":135,"column":2},"end":{"line":151,"column":null}},{"start":{},"end":{}}],"line":135},"7":{"loc":{"start":{"line":137,"column":23},"end":{"line":137,"column":null}},"type":"cond-expr","locations":[{"start":{"line":137,"column":27},"end":{"line":137,"column":56}},{"start":{"line":137,"column":56},"end":{"line":137,"column":null}}],"line":137},"8":{"loc":{"start":{"line":141,"column":6},"end":{"line":142,"column":null}},"type":"if","locations":[{"start":{"line":141,"column":6},"end":{"line":142,"column":null}},{"start":{"line":142,"column":11},"end":{"line":142,"column":null}}],"line":141},"9":{"loc":{"start":{"line":142,"column":11},"end":{"line":142,"column":null}},"type":"if","locations":[{"start":{"line":142,"column":11},"end":{"line":142,"column":null}},{"start":{},"end":{}}],"line":142},"10":{"loc":{"start":{"line":165,"column":2},"end":{"line":167,"column":null}},"type":"if","locations":[{"start":{"line":165,"column":2},"end":{"line":167,"column":null}},{"start":{},"end":{}}],"line":165},"11":{"loc":{"start":{"line":165,"column":6},"end":{"line":165,"column":42}},"type":"binary-expr","locations":[{"start":{"line":165,"column":6},"end":{"line":165,"column":31}},{"start":{"line":165,"column":31},"end":{"line":165,"column":42}}],"line":165},"12":{"loc":{"start":{"line":168,"column":2},"end":{"line":170,"column":null}},"type":"if","locations":[{"start":{"line":168,"column":2},"end":{"line":170,"column":null}},{"start":{},"end":{}}],"line":168},"13":{"loc":{"start":{"line":174,"column":2},"end":{"line":176,"column":null}},"type":"if","locations":[{"start":{"line":174,"column":2},"end":{"line":176,"column":null}},{"start":{},"end":{}}],"line":174},"14":{"loc":{"start":{"line":182,"column":13},"end":{"line":182,"column":26}},"type":"default-arg","locations":[{"start":{"line":182,"column":21},"end":{"line":182,"column":26}}],"line":182},"15":{"loc":{"start":{"line":185,"column":2},"end":{"line":185,"column":null}},"type":"if","locations":[{"start":{"line":185,"column":2},"end":{"line":185,"column":null}},{"start":{},"end":{}}],"line":185},"16":{"loc":{"start":{"line":193,"column":20},"end":{"line":193,"column":42}},"type":"binary-expr","locations":[{"start":{"line":193,"column":20},"end":{"line":193,"column":39}},{"start":{"line":193,"column":39},"end":{"line":193,"column":42}}],"line":193},"17":{"loc":{"start":{"line":197,"column":4},"end":{"line":206,"column":null}},"type":"if","locations":[{"start":{"line":197,"column":4},"end":{"line":206,"column":null}},{"start":{},"end":{}}],"line":197},"18":{"loc":{"start":{"line":203,"column":6},"end":{"line":205,"column":null}},"type":"if","locations":[{"start":{"line":203,"column":6},"end":{"line":205,"column":null}},{"start":{},"end":{}}],"line":203},"19":{"loc":{"start":{"line":217,"column":4},"end":{"line":221,"column":null}},"type":"if","locations":[{"start":{"line":217,"column":4},"end":{"line":221,"column":null}},{"start":{},"end":{}}],"line":217},"20":{"loc":{"start":{"line":229,"column":4},"end":{"line":229,"column":null}},"type":"if","locations":[{"start":{"line":229,"column":4},"end":{"line":229,"column":null}},{"start":{},"end":{}}],"line":229},"21":{"loc":{"start":{"line":231,"column":21},"end":{"line":231,"column":41}},"type":"binary-expr","locations":[{"start":{"line":231,"column":21},"end":{"line":231,"column":37}},{"start":{"line":231,"column":37},"end":{"line":231,"column":41}}],"line":231},"22":{"loc":{"start":{"line":233,"column":13},"end":{"line":233,"column":null}},"type":"binary-expr","locations":[{"start":{"line":233,"column":13},"end":{"line":233,"column":24}},{"start":{"line":233,"column":24},"end":{"line":233,"column":null}}],"line":233},"23":{"loc":{"start":{"line":235,"column":19},"end":{"line":235,"column":null}},"type":"binary-expr","locations":[{"start":{"line":235,"column":19},"end":{"line":235,"column":32}},{"start":{"line":235,"column":32},"end":{"line":235,"column":null}}],"line":235},"24":{"loc":{"start":{"line":238,"column":19},"end":{"line":238,"column":null}},"type":"binary-expr","locations":[{"start":{"line":238,"column":19},"end":{"line":238,"column":29}},{"start":{"line":238,"column":29},"end":{"line":238,"column":null}}],"line":238},"25":{"loc":{"start":{"line":242,"column":20},"end":{"line":242,"column":null}},"type":"binary-expr","locations":[{"start":{"line":242,"column":20},"end":{"line":242,"column":68}},{"start":{"line":242,"column":68},"end":{"line":242,"column":null}}],"line":242},"26":{"loc":{"start":{"line":246,"column":4},"end":{"line":270,"column":null}},"type":"if","locations":[{"start":{"line":246,"column":4},"end":{"line":270,"column":null}},{"start":{},"end":{}}],"line":246},"27":{"loc":{"start":{"line":246,"column":8},"end":{"line":246,"column":61}},"type":"binary-expr","locations":[{"start":{"line":246,"column":8},"end":{"line":246,"column":41}},{"start":{"line":246,"column":41},"end":{"line":246,"column":61}}],"line":246},"28":{"loc":{"start":{"line":264,"column":20},"end":{"line":264,"column":null}},"type":"binary-expr","locations":[{"start":{"line":264,"column":20},"end":{"line":264,"column":67}},{"start":{"line":264,"column":67},"end":{"line":264,"column":null}}],"line":264},"29":{"loc":{"start":{"line":266,"column":8},"end":{"line":266,"column":null}},"type":"if","locations":[{"start":{"line":266,"column":8},"end":{"line":266,"column":null}},{"start":{},"end":{}}],"line":266},"30":{"loc":{"start":{"line":291,"column":13},"end":{"line":291,"column":30}},"type":"default-arg","locations":[{"start":{"line":291,"column":21},"end":{"line":291,"column":30}}],"line":291},"31":{"loc":{"start":{"line":294,"column":2},"end":{"line":294,"column":null}},"type":"if","locations":[{"start":{"line":294,"column":2},"end":{"line":294,"column":null}},{"start":{},"end":{}}],"line":294},"32":{"loc":{"start":{"line":308,"column":22},"end":{"line":308,"column":45}},"type":"binary-expr","locations":[{"start":{"line":308,"column":22},"end":{"line":308,"column":41}},{"start":{"line":308,"column":41},"end":{"line":308,"column":45}}],"line":308},"33":{"loc":{"start":{"line":312,"column":4},"end":{"line":316,"column":null}},"type":"if","locations":[{"start":{"line":312,"column":4},"end":{"line":316,"column":null}},{"start":{},"end":{}}],"line":312},"34":{"loc":{"start":{"line":324,"column":4},"end":{"line":324,"column":null}},"type":"if","locations":[{"start":{"line":324,"column":4},"end":{"line":324,"column":null}},{"start":{},"end":{}}],"line":324},"35":{"loc":{"start":{"line":326,"column":21},"end":{"line":326,"column":40}},"type":"binary-expr","locations":[{"start":{"line":326,"column":21},"end":{"line":326,"column":36}},{"start":{"line":326,"column":36},"end":{"line":326,"column":40}}],"line":326},"36":{"loc":{"start":{"line":328,"column":13},"end":{"line":328,"column":null}},"type":"binary-expr","locations":[{"start":{"line":328,"column":13},"end":{"line":328,"column":24}},{"start":{"line":328,"column":24},"end":{"line":328,"column":null}}],"line":328},"37":{"loc":{"start":{"line":330,"column":20},"end":{"line":330,"column":null}},"type":"binary-expr","locations":[{"start":{"line":330,"column":20},"end":{"line":330,"column":38}},{"start":{"line":330,"column":38},"end":{"line":330,"column":null}}],"line":330},"38":{"loc":{"start":{"line":337,"column":20},"end":{"line":337,"column":null}},"type":"binary-expr","locations":[{"start":{"line":337,"column":20},"end":{"line":337,"column":68}},{"start":{"line":337,"column":68},"end":{"line":337,"column":null}}],"line":337},"39":{"loc":{"start":{"line":357,"column":13},"end":{"line":357,"column":27}},"type":"default-arg","locations":[{"start":{"line":357,"column":21},"end":{"line":357,"column":27}}],"line":357},"40":{"loc":{"start":{"line":360,"column":2},"end":{"line":360,"column":null}},"type":"if","locations":[{"start":{"line":360,"column":2},"end":{"line":360,"column":null}},{"start":{},"end":{}}],"line":360},"41":{"loc":{"start":{"line":368,"column":20},"end":{"line":368,"column":43}},"type":"binary-expr","locations":[{"start":{"line":368,"column":20},"end":{"line":368,"column":39}},{"start":{"line":368,"column":39},"end":{"line":368,"column":43}}],"line":368},"42":{"loc":{"start":{"line":371,"column":4},"end":{"line":380,"column":null}},"type":"if","locations":[{"start":{"line":371,"column":4},"end":{"line":380,"column":null}},{"start":{},"end":{}}],"line":371},"43":{"loc":{"start":{"line":377,"column":6},"end":{"line":379,"column":null}},"type":"if","locations":[{"start":{"line":377,"column":6},"end":{"line":379,"column":null}},{"start":{},"end":{}}],"line":377},"44":{"loc":{"start":{"line":391,"column":4},"end":{"line":395,"column":null}},"type":"if","locations":[{"start":{"line":391,"column":4},"end":{"line":395,"column":null}},{"start":{},"end":{}}],"line":391},"45":{"loc":{"start":{"line":403,"column":4},"end":{"line":403,"column":null}},"type":"if","locations":[{"start":{"line":403,"column":4},"end":{"line":403,"column":null}},{"start":{},"end":{}}],"line":403},"46":{"loc":{"start":{"line":405,"column":21},"end":{"line":405,"column":38}},"type":"binary-expr","locations":[{"start":{"line":405,"column":21},"end":{"line":405,"column":34}},{"start":{"line":405,"column":34},"end":{"line":405,"column":38}}],"line":405},"47":{"loc":{"start":{"line":407,"column":13},"end":{"line":407,"column":null}},"type":"binary-expr","locations":[{"start":{"line":407,"column":13},"end":{"line":407,"column":24}},{"start":{"line":407,"column":24},"end":{"line":407,"column":null}}],"line":407},"48":{"loc":{"start":{"line":409,"column":15},"end":{"line":409,"column":null}},"type":"binary-expr","locations":[{"start":{"line":409,"column":15},"end":{"line":409,"column":28}},{"start":{"line":409,"column":28},"end":{"line":409,"column":null}}],"line":409},"49":{"loc":{"start":{"line":410,"column":14},"end":{"line":410,"column":null}},"type":"binary-expr","locations":[{"start":{"line":410,"column":14},"end":{"line":410,"column":33}},{"start":{"line":410,"column":16},"end":{"line":410,"column":null}}],"line":410},"50":{"loc":{"start":{"line":411,"column":19},"end":{"line":411,"column":null}},"type":"binary-expr","locations":[{"start":{"line":411,"column":19},"end":{"line":411,"column":29}},{"start":{"line":411,"column":29},"end":{"line":411,"column":null}}],"line":411},"51":{"loc":{"start":{"line":412,"column":16},"end":{"line":412,"column":null}},"type":"binary-expr","locations":[{"start":{"line":412,"column":16},"end":{"line":412,"column":30}},{"start":{"line":412,"column":30},"end":{"line":412,"column":null}}],"line":412},"52":{"loc":{"start":{"line":415,"column":20},"end":{"line":415,"column":null}},"type":"binary-expr","locations":[{"start":{"line":415,"column":20},"end":{"line":415,"column":68}},{"start":{"line":415,"column":68},"end":{"line":415,"column":null}}],"line":415},"53":{"loc":{"start":{"line":435,"column":14},"end":{"line":437,"column":null}},"type":"cond-expr","locations":[{"start":{"line":436,"column":6},"end":{"line":436,"column":null}},{"start":{"line":437,"column":6},"end":{"line":437,"column":null}}],"line":435},"54":{"loc":{"start":{"line":440,"column":17},"end":{"line":440,"column":null}},"type":"cond-expr","locations":[{"start":{"line":440,"column":27},"end":{"line":440,"column":38}},{"start":{"line":440,"column":38},"end":{"line":440,"column":null}}],"line":440},"55":{"loc":{"start":{"line":440,"column":38},"end":{"line":440,"column":null}},"type":"cond-expr","locations":[{"start":{"line":440,"column":50},"end":{"line":440,"column":78}},{"start":{"line":440,"column":78},"end":{"line":440,"column":null}}],"line":440},"56":{"loc":{"start":{"line":468,"column":2},"end":{"line":470,"column":null}},"type":"if","locations":[{"start":{"line":468,"column":2},"end":{"line":470,"column":null}},{"start":{},"end":{}}],"line":468},"57":{"loc":{"start":{"line":480,"column":16},"end":{"line":482,"column":null}},"type":"cond-expr","locations":[{"start":{"line":481,"column":6},"end":{"line":481,"column":null}},{"start":{"line":482,"column":6},"end":{"line":482,"column":null}}],"line":480},"58":{"loc":{"start":{"line":480,"column":16},"end":{"line":480,"column":null}},"type":"binary-expr","locations":[{"start":{"line":480,"column":16},"end":{"line":480,"column":34}},{"start":{"line":480,"column":34},"end":{"line":480,"column":null}}],"line":480},"59":{"loc":{"start":{"line":484,"column":8},"end":{"line":486,"column":null}},"type":"binary-expr","locations":[{"start":{"line":484,"column":8},"end":{"line":485,"column":null}},{"start":{"line":486,"column":4},"end":{"line":486,"column":null}}],"line":484},"60":{"loc":{"start":{"line":485,"column":5},"end":{"line":485,"column":31}},"type":"binary-expr","locations":[{"start":{"line":485,"column":5},"end":{"line":485,"column":27}},{"start":{"line":485,"column":27},"end":{"line":485,"column":31}}],"line":485},"61":{"loc":{"start":{"line":497,"column":2},"end":{"line":512,"column":null}},"type":"if","locations":[{"start":{"line":497,"column":2},"end":{"line":512,"column":null}},{"start":{},"end":{}}],"line":497},"62":{"loc":{"start":{"line":506,"column":22},"end":{"line":506,"column":null}},"type":"binary-expr","locations":[{"start":{"line":506,"column":22},"end":{"line":506,"column":65}},{"start":{"line":506,"column":65},"end":{"line":506,"column":null}}],"line":506},"63":{"loc":{"start":{"line":545,"column":6},"end":{"line":545,"column":null}},"type":"if","locations":[{"start":{"line":545,"column":6},"end":{"line":545,"column":null}},{"start":{},"end":{}}],"line":545},"64":{"loc":{"start":{"line":550,"column":4},"end":{"line":550,"column":null}},"type":"if","locations":[{"start":{"line":550,"column":4},"end":{"line":550,"column":null}},{"start":{},"end":{}}],"line":550},"65":{"loc":{"start":{"line":577,"column":0},"end":{"line":587,"column":null}},"type":"if","locations":[{"start":{"line":577,"column":0},"end":{"line":587,"column":null}},{"start":{},"end":{}}],"line":577},"66":{"loc":{"start":{"line":582,"column":35},"end":{"line":582,"column":71}},"type":"cond-expr","locations":[{"start":{"line":582,"column":52},"end":{"line":582,"column":58}},{"start":{"line":582,"column":58},"end":{"line":582,"column":71}}],"line":582},"67":{"loc":{"start":{"line":583,"column":35},"end":{"line":583,"column":70}},"type":"cond-expr","locations":[{"start":{"line":583,"column":51},"end":{"line":583,"column":57}},{"start":{"line":583,"column":57},"end":{"line":583,"column":70}}],"line":583},"68":{"loc":{"start":{"line":584,"column":35},"end":{"line":584,"column":69}},"type":"binary-expr","locations":[{"start":{"line":584,"column":35},"end":{"line":584,"column":56}},{"start":{"line":584,"column":56},"end":{"line":584,"column":69}}],"line":584}},"s":{"0":2,"1":2,"2":2,"3":2,"4":2,"5":0,"6":0,"7":2,"8":2,"9":2,"10":2,"11":2,"12":2,"13":2,"14":2,"15":2,"16":2,"17":2,"18":1,"19":2,"20":1,"21":2,"22":1,"23":2,"24":2,"25":2,"26":2,"27":2,"28":2,"29":10,"30":3,"31":3,"32":3,"33":3,"34":3,"35":0,"36":3,"37":0,"38":3,"39":10,"40":2,"41":2,"42":16,"43":7,"44":9,"45":2,"46":7,"47":7,"48":1,"49":6,"50":2,"51":3,"52":3,"53":3,"54":3,"55":0,"56":0,"57":0,"58":0,"59":3,"60":0,"61":0,"62":0,"63":0,"64":0,"65":0,"66":0,"67":0,"68":0,"69":0,"70":0,"71":0,"72":0,"73":0,"74":0,"75":0,"76":0,"77":0,"78":0,"79":0,"80":3,"81":3,"82":3,"83":0,"84":0,"85":0,"86":0,"87":0,"88":0,"89":0,"90":0,"91":0,"92":0,"93":0,"94":0,"95":2,"96":0,"97":0,"98":0,"99":0,"100":0,"101":0,"102":0,"103":0,"104":0,"105":0,"106":0,"107":0,"108":0,"109":0,"110":0,"111":0,"112":0,"113":0,"114":0,"115":0,"116":0,"117":0,"118":0,"119":0,"120":0,"121":0,"122":0,"123":0,"124":2,"125":0,"126":0,"127":0,"128":0,"129":0,"130":0,"131":0,"132":0,"133":0,"134":0,"135":0,"136":0,"137":0,"138":0,"139":0,"140":0,"141":0,"142":0,"143":0,"144":0,"145":0,"146":0,"147":0,"148":0,"149":0,"150":0,"151":0,"152":0,"153":0,"154":0,"155":0,"156":0,"157":0,"158":2,"159":4,"160":0,"161":4,"162":4,"163":4,"164":2,"165":2,"166":2,"167":2,"168":0,"169":0,"170":2,"171":2,"172":2,"173":0,"174":0,"175":0,"176":0,"177":0,"178":0,"179":0,"180":0,"181":0,"182":0,"183":0,"184":2,"185":0,"186":0,"187":2,"188":2,"189":0,"190":2,"191":2,"192":0,"193":0,"194":0,"195":0,"196":0,"197":0,"198":0,"199":0,"200":0,"201":0,"202":0,"203":2,"204":1,"205":2,"206":2,"207":2,"208":2,"209":2,"210":2,"211":2,"212":2,"213":2},"f":{"0":0,"1":10,"2":3,"3":16,"4":3,"5":0,"6":0,"7":0,"8":0,"9":0,"10":0,"11":0,"12":0,"13":0,"14":4,"15":0,"16":2,"17":0,"18":0,"19":1,"20":2},"b":{"0":[2,2],"1":[2,2],"2":[2,2],"3":[1,1],"4":[1,1],"5":[1,1],"6":[3,7],"7":[1,2],"8":[0,3],"9":[0,3],"10":[7,9],"11":[16,12],"12":[2,7],"13":[1,6],"14":[3],"15":[3,0],"16":[0,0],"17":[0,3],"18":[0,0],"19":[0,0],"20":[0,0],"21":[0,0],"22":[0,0],"23":[0,0],"24":[0,0],"25":[3,0],"26":[0,3],"27":[3,0],"28":[0,0],"29":[0,0],"30":[0],"31":[0,0],"32":[0,0],"33":[0,0],"34":[0,0],"35":[0,0],"36":[0,0],"37":[0,0],"38":[0,0],"39":[0],"40":[0,0],"41":[0,0],"42":[0,0],"43":[0,0],"44":[0,0],"45":[0,0],"46":[0,0],"47":[0,0],"48":[0,0],"49":[0,0],"50":[0,0],"51":[0,0],"52":[0,0],"53":[0,4],"54":[4,0],"55":[0,0],"56":[2,0],"57":[0,0],"58":[0,0],"59":[2,0],"60":[2,0],"61":[0,2],"62":[0,0],"63":[0,0],"64":[0,0],"65":[2,0],"66":[1,1],"67":[1,1],"68":[2,1]},"meta":{"lastBranch":69,"lastFunction":21,"lastStatement":214,"seen":{"s:33:0:33:Infinity":0,"s:35:13:35:21":1,"s:36:13:36:Infinity":2,"b:36:13:36:33:36:33:36:Infinity":0,"s:37:30:37:Infinity":3,"b:37:39:37:76:37:76:37:82":1,"s:39:16:48:Infinity":4,"f:44:2:44:12":0,"s:45:4:45:Infinity":5,"s:46:4:46:Infinity
[...]
,"/home/daytona/codebase/src/pages/DashboardPage.tsx": {"path":"/home/daytona/codebase/src/pages/DashboardPage.tsx","statementMap":{"0":{"start":{"line":19,"column":34},"end":{"line":19,"column":null}},"1":{"start":{"line":21,"column":2},"end":{"line":30,"column":null}},"2":{"start":{"line":22,"column":16},"end":{"line":22,"column":null}},"3":{"start":{"line":23,"column":4},"end":{"line":29,"column":null}},"4":{"start":{"line":24,"column":6},"end":{"line":28,"column":null}},"5":{"start":{"line":25,"column":8},"end":{"line":25,"column":null}},"6":{"start":{"line":27,"column":8},"end":{"line":27,"column":null}},"7":{"start":{"line":32,"column":23},"end":{"line":32,"column":null}},"8":{"start":{"line":34,"column":20},"end":{"line":49,"column":null}},"9":{"start":{"line":35,"column":20},"end":{"line":35,"column":null}},"10":{"start":{"line":35,"column":46},"end":{"line":35,"column":65}},"11":{"start":{"line":36,"column":22},"end":{"line":36,"column":null}},"12":{"start":{"line":36,"column":50},"end":{"line":36,"column":115}},"13":{"start":{"line":38,"column":20},"end":{"line":43,"column":null}},"14":{"start":{"line":39,"column":19},"end":{"line":39,"column":null}},"15":{"start":{"line":40,"column":6},"end":{"line":40,"column":null}},"16":{"start":{"line":40,"column":22},"end":{"line":40,"column":null}},"17":{"start":{"line":41,"column":6},"end":{"line":41,"column":null}},"18":{"start":{"line":42,"column":6},"end":{"line":42,"column":null}},"19":{"start":{"line":45,"column":4},"end":{"line":48,"column":null}},"20":{"start":{"line":45,"column":60},"end":{"line":48,"column":6}},"21":{"start":{"line":51,"column":2},"end":{"line":346,"column":null}},"22":{"start":{"line":158,"column":59},"end":{"line":158,"column":null}},"23":{"start":{"line":227,"column":14},"end":{"line":254,"column":null}},"24":{"start":{"line":288,"column":14},"end":{"line":317,"column":null}},"25":{"start":{"line":330,"column":10},"end":{"line":343,"column":null}}},"fnMap":{"0":{"name":"DashboardPage","decl":{"start":{"line":18,"column":16},"end":{"line":18,"column":30}},"loc":{"start":{"line":18,"column":113},"end":{"line":348,"column":null}},"line":18},"1":{"name":"(anonymous_1)","decl":{"start":{"line":21,"column":2},"end":{"line":21,"column":18}},"loc":{"start":{"line":21,"column":18},"end":{"line":30,"column":5}},"line":21},"2":{"name":"(anonymous_2)","decl":{"start":{"line":34,"column":20},"end":{"line":34,"column":34}},"loc":{"start":{"line":34,"column":34},"end":{"line":49,"column":5}},"line":34},"3":{"name":"(anonymous_3)","decl":{"start":{"line":35,"column":33},"end":{"line":35,"column":40}},"loc":{"start":{"line":35,"column":46},"end":{"line":35,"column":65}},"line":35},"4":{"name":"(anonymous_4)","decl":{"start":{"line":36,"column":35},"end":{"line":36,"column":41}},"loc":{"start":{"line":36,"column":50},"end":{"line":36,"column":115}},"line":36},"5":{"name":"(anonymous_5)","decl":{"start":{"line":38,"column":30},"end":{"line":38,"column":38}},"loc":{"start":{"line":38,"column":50},"end":{"line":43,"column":7}},"line":38},"6":{"name":"(anonymous_6)","decl":{"start":{"line":45,"column":35},"end":{"line":45,"column":40}},"loc":{"start":{"line":45,"column":60},"end":{"line":48,"column":6}},"line":45},"7":{"name":"(anonymous_7)","decl":{"start":{"line":158,"column":18},"end":{"line":158,"column":34}},"loc":{"start":{"line":158,"column":59},"end":{"line":158,"column":null}},"line":158},"8":{"name":"(anonymous_8)","decl":{"start":{"line":226,"column":25},"end":{"line":226,"column":30}},"loc":{"start":{"line":227,"column":14},"end":{"line":254,"column":null}},"line":227},"9":{"name":"(anonymous_9)","decl":{"start":{"line":287,"column":21},"end":{"line":287,"column":26}},"loc":{"start":{"line":288,"column":14},"end":{"line":317,"column":null}},"line":288},"10":{"name":"(anonymous_10)","decl":{"start":{"line":329,"column":10},"end":{"line":329,"column":15}},"loc":{"start":{"line":330,"column":10},"end":{"line":343,"column":null}},"line":330}},"branchMap":{"0":{"loc":{"start":{"line":23,"column":4},"end":{"line":29,"column":null}},"type":"if","locations":[{"start":{"line":23,"column":4},"end":{"line":29,"column":null}},{"start":{},"end":{}}],"line":23},"1":{"loc":{"start":{"line":32,"column":23},"end":{"line":32,"column":null}},"type":"cond-expr","locations":[{"start":{"line":32,"column":36},"end":{"line":32,"column":56}},{"start":{"line":32,"column":56},"end":{"line":32,"column":null}}],"line":32},"2":{"loc":{"start":{"line":40,"column":6},"end":{"line":40,"column":null}},"type":"if","locations":[{"start":{"line":40,"column":6},"end":{"line":40,"column":null}},{"start":{},"end":{}}],"line":40},"3":{"loc":{"start":{"line":62,"column":70},"end":{"line":62,"column":121}},"type":"cond-expr","locations":[{"start":{"line":62,"column":83},"end":{"line":62,"column":101}},{"start":{"line":62,"column":101},"end":{"line":62,"column":121}}],"line":62},"4":{"loc":{"start":{"line":63,"column":68},"end":{"line":63,"column":129}},"type":"cond-expr","locations":[{"start":{"line":63,"column":81},"end":{"line":63,"column":104}},{"start":{"line":63,"column":104},"end":{"line":63,"column":129}}],"line":63},"5":{"loc":{"start":{"line":70,"column":45},"end":{"line":70,"column":81}},"type":"cond-expr","locations":[{"start":{"line":70,"column":57},"end":{"line":70,"column":74}},{"start":{"line":70,"column":74},"end":{"line":70,"column":81}}],"line":70},"6":{"loc":{"start":{"line":76,"column":7},"end":{"line":125,"column":null}},"type":"cond-expr","locations":[{"start":{"line":77,"column":8},"end":{"line":118,"column":9}},{"start":{"line":118,"column":8},"end":{"line":125,"column":null}}],"line":76},"7":{"loc":{"start":{"line":129,"column":7},"end":{"line":183,"column":null}},"type":"binary-expr","locations":[{"start":{"line":129,"column":7},"end":{"line":129,"column":20}},{"start":{"line":129,"column":20},"end":{"line":129,"column":null}},{"start":{"line":130,"column":8},"end":{"line":183,"column":null}}],"line":129},"8":{"loc":{"start":{"line":211,"column":11},"end":{"line":255,"column":null}},"type":"cond-expr","locations":[{"start":{"line":212,"column":12},"end":{"line":219,"column":27}},{"start":{"line":219,"column":14},"end":{"line":255,"column":null}}],"line":211},"9":{"loc":{"start":{"line":219,"column":14},"end":{"line":255,"column":null}},"type":"cond-expr","locations":[{"start":{"line":220,"column":12},"end":{"line":226,"column":25}},{"start":{"line":226,"column":12},"end":{"line":255,"column":null}}],"line":219},"10":{"loc":{"start":{"line":223,"column":15},"end":{"line":223,"column":null}},"type":"binary-expr","locations":[{"start":{"line":223,"column":15},"end":{"line":223,"column":29}},{"start":{"line":223,"column":29},"end":{"line":223,"column":null}}],"line":223},"11":{"loc":{"start":{"line":280,"column":11},"end":{"line":318,"column":null}},"type":"cond-expr","locations":[{"start":{"line":281,"column":12},"end":{"line":287,"column":21}},{"start":{"line":287,"column":12},"end":{"line":318,"column":null}}],"line":280},"12":{"loc":{"start":{"line":295,"column":74},"end":{"line":295,"column":151}},"type":"cond-expr","locations":[{"start":{"line":295,"column":114},"end":{"line":295,"column":132}},{"start":{"line":295,"column":132},"end":{"line":295,"column":151}}],"line":295},"13":{"loc":{"start":{"line":326,"column":46},"end":{"line":326,"column":99}},"type":"cond-expr","locations":[{"start":{"line":326,"column":59},"end":{"line":326,"column":79}},{"start":{"line":326,"column":79},"end":{"line":326,"column":99}}],"line":326},"14":{"loc":{"start":{"line":326,"column":128},"end":{"line":326,"column":163}},"type":"cond-expr","locations":[{"start":{"line":326,"column":141},"end":{"line":326,"column":153}},{"start":{"line":326,"column":153},"end":{"line":326,"column":163}}],"line":326}},"s":{"0":0,"1":0,"2":0,"3":0,"4":0,"5":0,"6":0,"7":0,"8":0,"9":0,"10":0,"11":0,"12":0,"13":0,"14":0,"15":0,"16":0,"17":0,"18":0,"19":0,"20":0,"21":0,"22":0,"23":0,"24":0,"25":0},"f":{"0":0,"1":0,"2":0,"3":0,"4":0,"5":0,"6":0,"7":0,"8":0,"9":0,"10":0},"b":{"0":[0,0],"1":[0,0],"2":[0,0],"3":[0,0],"4":[0,0],"5":[0,0],"6":[0,0],"7":[0,0,0],"8":[0,0],"9":[0,0],"10":[0,0],"11":[0,0],"12":[0,0],"13":[0,0],"14":[0,0]},"meta":{"lastBranch":15,"lastFunction":11,"lastStatement":26,"seen":{"f:18:16:18:30":0,"s:19:34:19:Infinity":0,"s:21:2:30:Infinity":1,"f:21:2:21:18":1,"s:22:16:22:Infinity":2,"b:23:4:29:Infinity:undefined:undefined:undefined:undefined":0,"s:23:4:29:Infinity":3,"s:24:6:28:Infinity":4,"s:25:8:25:Infinity":5,"s:27:8:27:Infinity":6,"s:32:23:32:Infinity":7,"b:32:36:32:56:32:56:32:Infinity":1,"s:34:20:49:Infinity":8,"f:34:20:34:34":2,"s:35:20:35:Infinity":9,"f:35:33:35:40":3,"s:35:46:35:65":10,"s:36:22:36:Infinity":11,"f:36:35:36:41":4,"s:36:50:36:115":12,"s:38:20:43:Infinity":13,"f:38:30:38:38":5,"s:39:19:39:Infinity":14,"b:40:6:40:Infinity:undefined:undefined:undefined:undefined":2,"s:40:6:40:Infinity":15,"s:40:22:40:Infinity":16,"s:41:6:41:Infinity":17,"s:42:6:42:Infinity":18,"s:45:4:48:Infinity":19,"f:45:35:45:40":6,"s:45:60:48:6":20,"s:51:2:346:Infinity":21,"b:62:83:62:101:62:101:62:121":3,"b:63:81:63:104:63:104:63:129":4,"b:70:57:70:74:70:74:70:81":5,"b:77:8:118:9:118:8:125:Infinity":6,"b:129:7:129:20:129:20:129:Infinity:130:8:183:Infinity":7,"f:158:18:158:34":7,"s:158:59:158:Infinity":22,"b:212:12:219:27:219:14:255:Infinity":8,"b:220:12:226:25:226:12:255:Infinity":9,"b:223:15:223:29:223:29:223:Infinity":10,"f:226:25:226:30":8,"s:227:14:254:Infinity":23,"b:281:12:287:21:287:12:318:Infinity":11,"f:287:21:287:26":9,"s:288:14:317:Infinity":24,"b:295:114:295:132:295:132:295:151":12,"b:326:59:326:79:326:79:326:99":13,"b:326:141:326:153:326:153:326:163":14,"f:329:10:329:15":10,"s:330:10:343:Infinity":25},"fnNames":{}}}
,"/home/daytona/codebase/src/pages/DocsPage.tsx": {"path":"/home/daytona/codebase/src/pages/DocsPage.tsx","statementMap":{"0":{"start":{"line":5,"column":6},"end":{"line":30,"column":null}},"1":{"start":{"line":5,"column":23},"end":{"line":30,"column":null}},"2":{"start":{"line":32,"column":6},"end":{"line":41,"column":null}},"3":{"start":{"line":32,"column":23},"end":{"line":41,"column":null}},"4":{"start":{"line":44,"column":16},"end":{"line":44,"column":null}},"5":{"start":{"line":45,"column":16},"end":{"line":45,"column":null}},"6":{"start":{"line":46,"column":23},"end":{"line":46,"column":null}},"7":{"start":{"line":48,"column":2},"end":{"line":195,"column":null}},"8":{"start":{"line":65,"column":12},"end":{"line":74,"column":null}},"9":{"start":{"line":87,"column":25},"end":{"line":87,"column":null}},"10":{"start":{"line":88,"column":12},"end":{"line":118,"column":null}},"11":{"start":{"line":132,"column":12},"end":{"line":155,"column":null}},"12":{"start":{"line":183,"column":16},"end":{"line":189,"column":null}}},"fnMap":{"0":{"name":"(anonymous_0)","decl":{"start":{"line":5,"column":6},"end":{"line":5,"column":23}},"loc":{"start":{"line":5,"column":23},"end":{"line":30,"column":null}},"line":5},"1":{"name":"(anonymous_1)","decl":{"start":{"line":32,"column":6},"end":{"line":32,"column":23}},"loc":{"start":{"line":32,"column":23},"end":{"line":41,"column":null}},"line":32},"2":{"name":"DocsPage","decl":{"start":{"line":43,"column":16},"end":{"line":43,"column":27}},"loc":{"start":{"line":43,"column":27},"end":{"line":197,"column":null}},"line":43},"3":{"name":"(anonymous_3)","decl":{"start":{"line":64,"column":12},"end":{"line":64,"column":17}},"loc":{"start":{"line":65,"column":12},"end":{"line":74,"column":null}},"line":65},"4":{"name":"(anonymous_4)","decl":{"start":{"line":86,"column":17},"end":{"line":86,"column":22}},"loc":{"start":{"line":86,"column":34},"end":{"line":120,"column":11}},"line":86},"5":{"name":"(anonymous_5)","decl":{"start":{"line":131,"column":17},"end":{"line":131,"column":22}},"loc":{"start":{"line":132,"column":12},"end":{"line":155,"column":null}},"line":132},"6":{"name":"(anonymous_6)","decl":{"start":{"line":182,"column":130},"end":{"line":182,"column":134}},"loc":{"start":{"line":183,"column":16},"end":{"line":189,"column":null}},"line":183}},"branchMap":{"0":{"loc":{"start":{"line":34,"column":38},"end":{"line":34,"column":93}},"type":"cond-expr","locations":[{"start":{"line":34,"column":51},"end":{"line":34,"column":71}},{"start":{"line":34,"column":71},"end":{"line":34,"column":93}}],"line":34},"1":{"loc":{"start":{"line":46,"column":23},"end":{"line":46,"column":null}},"type":"cond-expr","locations":[{"start":{"line":46,"column":36},"end":{"line":46,"column":48}},{"start":{"line":46,"column":48},"end":{"line":46,"column":null}}],"line":46},"2":{"loc":{"start":{"line":104,"column":19},"end":{"line":105,"column":null}},"type":"binary-expr","locations":[{"start":{"line":104,"column":19},"end":{"line":104,"column":43}},{"start":{"line":104,"column":43},"end":{"line":105,"column":null}}],"line":104},"3":{"loc":{"start":{"line":139,"column":30},"end":{"line":139,"column":null}},"type":"cond-expr","locations":[{"start":{"line":139,"column":53},"end":{"line":139,"column":90}},{"start":{"line":139,"column":90},"end":{"line":139,"column":null}}],"line":139}},"s":{"0":0,"1":0,"2":0,"3":0,"4":0,"5":0,"6":0,"7":0,"8":0,"9":0,"10":0,"11":0,"12":0},"f":{"0":0,"1":0,"2":0,"3":0,"4":0,"5":0,"6":0},"b":{"0":[0,0],"1":[0,0],"2":[0,0],"3":[0,0]},"meta":{"lastBranch":4,"lastFunction":7,"lastStatement":13,"seen":{"s:5:6:30:Infinity":0,"f:5:6:5:23":0,"s:5:23:30:Infinity":1,"s:32:6:41:Infinity":2,"f:32:6:32:23":1,"s:32:23:41:Infinity":3,"b:34:51:34:71:34:71:34:93":0,"f:43:16:43:27":2,"s:44:16:44:Infinity":4,"s:45:16:45:Infinity":5,"s:46:23:46:Infinity":6,"b:46:36:46:48:46:48:46:Infinity":1,"s:48:2:195:Infinity":7,"f:64:12:64:17":3,"s:65:12:74:Infinity":8,"f:86:17:86:22":4,"s:87:25:87:Infinity":9,"s:88:12:118:Infinity":10,"b:104:19:104:43:104:43:105:Infinity":2,"f:131:17:131:22":5,"s:132:12:155:Infinity":11,"b:139:53:139:90:139:90:139:Infinity":3,"f:182:130:182:134":6,"s:183:16:189:Infinity":12},"fnNames":{}}}
,"/home/daytona/codebase/src/pages/SearchPage.tsx": {"path":"/home/daytona/codebase/src/pages/SearchPage.tsx","statementMap":{"0":{"start":{"line":24,"column":8},"end":{"line":27,"column":null}},"1":{"start":{"line":25,"column":4},"end":{"line":25,"column":null}},"2":{"start":{"line":25,"column":29},"end":{"line":25,"column":48}},"3":{"start":{"line":25,"column":48},"end":{"line":25,"column":55}},"4":{"start":{"line":26,"column":4},"end":{"line":26,"column":null}},"5":{"start":{"line":29,"column":22},"end":{"line":29,"column":null}},"6":{"start":{"line":31,"column":2},"end":{"line":152,"column":null}}},"fnMap":{"0":{"name":"SearchPage","decl":{"start":{"line":23,"column":16},"end":{"line":23,"column":27}},"loc":{"start":{"line":23,"column":87},"end":{"line":154,"column":null}},"line":23},"1":{"name":"(anonymous_1)","decl":{"start":{"line":24,"column":8},"end":{"line":24,"column":24}},"loc":{"start":{"line":24,"column":62},"end":{"line":27,"column":null}},"line":24}},"branchMap":{"0":{"loc":{"start":{"line":25,"column":4},"end":{"line":25,"column":null}},"type":"if","locations":[{"start":{"line":25,"column":4},"end":{"line":25,"column":null}},{"start":{},"end":{}}],"line":25},"1":{"loc":{"start":{"line":37,"column":9},"end":{"line":90,"column":null}},"type":"binary-expr","locations":[{"start":{"line":37,"column":9},"end":{"line":37,"column":null}},{"start":{"line":38,"column":10},"end":{"line":90,"column":null}}],"line":37},"2":{"loc":{"start":{"line":76,"column":13},"end":{"line":86,"column":null}},"type":"binary-expr","locations":[{"start":{"line":76,"column":13},"end":{"line":76,"column":null}},{"start":{"line":77,"column":14},"end":{"line":86,"column":null}}],"line":76},"3":{"loc":{"start":{"line":108,"column":9},"end":{"line":111,"column":null}},"type":"binary-expr","locations":[{"start":{"line":108,"column":9},"end":{"line":108,"column":null}},{"start":{"line":109,"column":10},"end":{"line":111,"column":null}}],"line":108},"4":{"loc":{"start":{"line":114,"column":9},"end":{"line":149,"column":null}},"type":"binary-expr","locations":[{"start":{"line":114,"column":9},"end":{"line":114,"column":null}},{"start":{"line":115,"column":10},"end":{"line":149,"column":null}}],"line":114},"5":{"loc":{"start":{"line":123,"column":13},"end":{"line":127,"column":null}},"type":"binary-expr","locations":[{"start":{"line":123,"column":13},"end":{"line":123,"column":null}},{"start":{"line":124,"column":14},"end":{"line":127,"column":null}}],"line":123},"6":{"loc":{"start":{"line":130,"column":14},"end":{"line":133,"column":null}},"type":"binary-expr","locations":[{"start":{"line":130,"column":14},"end":{"line":130,"column":47}},{"start":{"line":130,"column":47},"end":{"line":130,"column":null}},{"start":{"line":131,"column":14},"end":{"line":133,"column":null}}],"line":130},"7":{"loc":{"start":{"line":136,"column":13},"end":{"line":139,"column":null}},"type":"binary-expr","locations":[{"start":{"line":136,"column":13},"end":{"line":136,"column":46}},{"start":{"line":136,"column":46},"end":{"line":136,"column":null}},{"start":{"line":137,"column":14},"end":{"line":139,"column":null}}],"line":136},"8":{"loc":{"start":{"line":142,"column":14},"end":{"line":147,"column":null}},"type":"binary-expr","locations":[{"start":{"line":142,"column":14},"end":{"line":142,"column":47}},{"start":{"line":142,"column":47},"end":{"line":142,"column":null}},{"start":{"line":143,"column":14},"end":{"line":147,"column":null}}],"line":142}},"s":{"0":0,"1":0,"2":0,"3":0,"4":0,"5":0,"6":0},"f":{"0":0,"1":0},"b":{"0":[0,0],"1":[0,0],"2":[0,0],"3":[0,0],"4":[0,0],"5":[0,0],"6":[0,0,0],"7":[0,0,0],"8":[0,0,0]},"meta":{"lastBranch":9,"lastFunction":2,"lastStatement":7,"seen":{"f:23:16:23:27":0,"s:24:8:27:Infinity":0,"f:24:8:24:24":1,"b:25:4:25:Infinity:undefined:undefined:undefined:undefined":0,"s:25:4:25:Infinity":1,"s:25:29:25:48":2,"s:25:48:25:55":3,"s:26:4:26:Infinity":4,"s:29:22:29:Infinity":5,"s:31:2:152:Infinity":6,"b:37:9:37:Infinity:38:10:90:Infinity":1,"b:76:13:76:Infinity:77:14:86:Infinity":2,"b:108:9:108:Infinity:109:10:111:Infinity":3,"b:114:9:114:Infinity:115:10:149:Infinity":4,"b:123:13:123:Infinity:124:14:127:Infinity":5,"b:130:14:130:47:130:47:130:Infinity:131:14:133:Infinity":6,"b:136:13:136:46:136:46:136:Infinity:137:14:139:Infinity":7,"b:142:14:142:47:142:47:142:Infinity:143:14:147:Infinity":8},"fnNames":{}}}
,"/home/daytona/codebase/src/pages/index.ts": {"path":"/home/daytona/codebase/src/pages/index.ts","statementMap":{},"fnMap":{},"branchMap":{},"s":{},"f":{},"b":{},"meta":{"lastBranch":0,"lastFunction":0,"lastStatement":0,"seen":{},"fnNames":{}}}
,"/home/daytona/codebase/src/types/index.ts": {"path":"/home/daytona/codebase/src/types/index.ts","statementMap":{},"fnMap":{},"branchMap":{},"s":{},"f":{},"b":{},"meta":{"lastBranch":0,"lastFunction":0,"lastStatement":0,"seen":{},"fnNames":{}}}
}
