TN:
SF:api/health.ts
FN:3,handler
FNF:1
FNH:1
FNDA:3,handler
DA:4,3
DA:5,3
DA:6,3
DA:7,3
DA:8,3
DA:10,3
LF:6
LH:6
BRDA:4,0,0,3
BRDA:4,0,1,2
BRDA:5,1,0,3
BRDA:5,1,1,2
BRF:4
BRH:4
end_of_record
TN:
SF:api/index.ts
FN:3,handler
FNF:1
FNH:0
FNDA:0,handler
DA:4,0
LF:1
LH:0
BRF:0
BRH:0
end_of_record
TN:
SF:api/search.ts
FN:14,handler
FN:124,(anonymous_1)
FN:129,(anonymous_2)
FNF:3
FNH:3
FNDA:9,handler
FNDA:1,(anonymous_1)
FNDA:1,(anonymous_2)
DA:10,1
DA:11,1
DA:12,1
DA:17,9
DA:18,9
DA:19,9
DA:27,9
DA:32,9
DA:33,8
DA:35,7
DA:37,7
DA:41,4
DA:45,9
DA:48,1
DA:69,1
DA:73,1
DA:77,3
DA:79,3
DA:80,3
DA:81,3
DA:82,3
DA:83,3
DA:88,3
DA:90,3
DA:92,3
DA:97,9
DA:98,1
DA:103,1
DA:106,3
DA:115,3
DA:116,1
DA:117,1
DA:118,1
DA:121,2
DA:122,2
DA:124,2
DA:130,1
DA:131,0
DA:137,9
DA:149,0
DA:150,0
LF:41
LH:38
BRDA:32,0,0,1
BRDA:32,0,1,8
BRDA:33,1,0,1
BRDA:33,1,1,7
BRDA:35,2,0,7
BRDA:37,3,0,3
BRDA:37,3,1,4
BRDA:41,4,0,4
BRDA:41,4,1,4
BRDA:41,4,2,1
BRDA:45,5,0,1
BRDA:45,5,1,8
BRDA:52,6,0,1
BRDA:52,6,1,0
BRDA:83,7,0,3
BRDA:83,7,1,2
BRDA:83,7,2,1
BRDA:94,8,0,3
BRDA:94,8,1,0
BRDA:97,9,0,1
BRDA:97,9,1,8
BRDA:103,10,0,1
BRDA:103,10,1,0
BRDA:115,11,0,1
BRDA:115,11,1,2
BRDA:124,12,0,2
BRDA:124,12,1,0
BRDA:126,13,0,1
BRDA:126,13,1,0
BRDA:128,14,0,1
BRDA:128,14,1,0
BRDA:134,15,0,1
BRDA:134,15,1,0
BRF:33
BRH:26
end_of_record
TN:
SF:api/ai/chat.ts
FN:6,handler
FNF:1
FNH:0
FNDA:0,handler
DA:4,0
DA:7,0
DA:8,0
DA:11,0
DA:15,0
DA:16,0
DA:19,0
DA:20,0
DA:34,0
DA:35,0
DA:37,0
DA:38,0
LF:12
LH:0
BRDA:7,0,0,0
BRDA:7,0,1,0
BRDA:15,1,0,0
BRDA:15,1,1,0
BRDA:34,2,0,0
BRDA:34,2,1,0
BRF:6
BRH:0
end_of_record
TN:
SF:mcp-server/index.ts
FN:39,(anonymous_0)
FN:119,(anonymous_1)
FN:136,(anonymous_2)
FN:142,(anonymous_3)
FN:173,(anonymous_4)
FN:179,(anonymous_5)
FN:213,(anonymous_6)
FN:219,(anonymous_7)
FNF:8
FNH:2
FNDA:1,(anonymous_0)
FNDA:1,(anonymous_1)
FNDA:0,(anonymous_2)
FNDA:0,(anonymous_3)
FNDA:0,(anonymous_4)
FNDA:0,(anonymous_5)
FNDA:0,(anonymous_6)
FNDA:0,(anonymous_7)
DA:26,1
DA:28,1
DA:29,1
DA:31,1
DA:34,1
DA:39,1
DA:119,1
DA:120,1
DA:123,1
DA:124,0
DA:126,0
DA:127,0
DA:128,0
DA:133,0
DA:135,0
DA:136,0
DA:137,0
DA:140,0
DA:141,0
DA:142,0
DA:145,0
DA:158,0
DA:163,1
DA:164,0
DA:166,0
DA:167,0
DA:168,0
DA:170,0
DA:172,0
DA:173,0
DA:174,0
DA:177,0
DA:178,0
DA:179,0
DA:182,0
DA:195,0
DA:200,1
DA:201,0
DA:205,0
DA:206,0
DA:207,0
DA:208,0
DA:210,0
DA:212,0
DA:213,0
DA:214,0
DA:217,0
DA:218,0
DA:220,0
DA:221,0
DA:225,0
DA:238,0
DA:243,1
DA:244,0
DA:246,0
DA:247,0
DA:257,0
DA:258,0
DA:260,0
DA:265,1
DA:266,1
DA:268,1
DA:269,1
DA:270,1
DA:271,1
DA:273,1
DA:274,1
DA:276,1
DA:277,2
DA:278,2
DA:279,1
DA:283,1
DA:284,1
DA:297,0
DA:302,0
DA:303,0
DA:304,0
DA:305,0
DA:307,0
DA:309,0
DA:327,0
DA:331,0
DA:334,1
DA:335,1
DA:336,1
LF:85
LH:29
BRDA:28,0,0,1
BRDA:28,0,1,0
BRDA:123,1,0,0
BRDA:123,1,1,1
BRDA:124,2,0,0
BRDA:128,3,0,0
BRDA:128,3,1,0
BRDA:135,4,0,0
BRDA:135,4,1,0
BRDA:137,5,0,0
BRDA:137,5,1,0
BRDA:163,6,0,0
BRDA:163,6,1,1
BRDA:164,7,0,0
BRDA:167,8,0,0
BRDA:167,8,1,0
BRDA:172,9,0,0
BRDA:172,9,1,0
BRDA:174,10,0,0
BRDA:174,10,1,0
BRDA:200,11,0,0
BRDA:200,11,1,1
BRDA:201,12,0,0
BRDA:206,13,0,0
BRDA:206,13,1,0
BRDA:208,14,0,0
BRDA:208,14,1,0
BRDA:212,15,0,0
BRDA:212,15,1,0
BRDA:214,16,0,0
BRDA:214,16,1,0
BRDA:220,17,0,0
BRDA:220,17,1,0
BRDA:243,18,0,0
BRDA:243,18,1,1
BRDA:244,19,0,0
BRDA:257,20,0,0
BRDA:257,20,1,0
BRDA:265,21,0,1
BRDA:265,21,1,0
BRDA:270,22,0,0
BRDA:270,22,1,1
BRDA:271,23,0,0
BRDA:271,23,1,1
BRDA:277,24,0,1
BRDA:277,24,1,1
BRDA:278,25,0,1
BRDA:278,25,1,1
BRDA:278,26,0,2
BRDA:278,26,1,1
BRDA:278,26,2,1
BRDA:302,27,0,0
BRDA:302,27,1,0
BRDA:305,28,0,0
BRDA:305,28,1,0
BRDA:322,29,0,0
BRDA:322,29,1,0
BRDA:322,30,0,0
BRDA:322,30,1,0
BRF:59
BRH:15
end_of_record
TN:
SF:server/corsConfig.ts
FN:23,parseAllowedOrigins
FN:26,(anonymous_1)
FN:30,isProductionEnv
FN:34,getCorsStartupMessage
FN:47,buildCorsOptions
FN:68,origin
FNF:6
FNH:6
FNDA:13,parseAllowedOrigins
FNDA:19,(anonymous_1)
FNDA:19,isProductionEnv
FNDA:7,getCorsStartupMessage
FNDA:8,buildCorsOptions
FNDA:8,origin
DA:7,3
DA:16,3
DA:21,3
DA:24,13
DA:26,19
DA:31,19
DA:35,7
DA:36,3
DA:39,4
DA:40,4
DA:41,2
DA:44,2
DA:48,8
DA:54,8
DA:55,5
DA:58,3
DA:60,3
DA:61,1
DA:66,3
DA:69,8
DA:70,4
DA:71,4
DA:74,4
LF:23
LH:23
BRDA:24,0,0,13
BRDA:24,0,1,3
BRDA:35,1,0,3
BRDA:35,1,1,4
BRDA:40,2,0,2
BRDA:40,2,1,2
BRDA:44,3,0,1
BRDA:44,3,1,1
BRDA:54,4,0,5
BRDA:54,4,1,3
BRDA:60,5,0,1
BRDA:60,5,1,2
BRDA:69,6,0,4
BRDA:69,6,1,4
BRF:14
BRH:14
end_of_record
TN:
SF:server/index.ts
FN:44,(anonymous_0)
FN:134,(anonymous_1)
FN:139,(anonymous_2)
FN:162,validateQuery
FN:181,(anonymous_4)
FN:231,(anonymous_5)
FN:236,(anonymous_6)
FN:248,(anonymous_7)
FN:290,(anonymous_8)
FN:326,(anonymous_9)
FN:332,(anonymous_10)
FN:356,(anonymous_11)
FN:405,(anonymous_12)
FN:410,(anonymous_13)
FN:434,(anonymous_14)
FN:436,(anonymous_15)
FN:462,(anonymous_16)
FN:522,(anonymous_17)
FN:529,(anonymous_18)
FN:561,(anonymous_19)
FN:578,(anonymous_20)
FNF:21
FNH:8
FNDA:0,(anonymous_0)
FNDA:10,(anonymous_1)
FNDA:3,(anonymous_2)
FNDA:16,validateQuery
FNDA:3,(anonymous_4)
FNDA:0,(anonymous_5)
FNDA:0,(anonymous_6)
FNDA:0,(anonymous_7)
FNDA:0,(anonymous_8)
FNDA:0,(anonymous_9)
FNDA:0,(anonymous_10)
FNDA:0,(anonymous_11)
FNDA:0,(anonymous_12)
FNDA:0,(anonymous_13)
FNDA:4,(anonymous_14)
FNDA:0,(anonymous_15)
FNDA:2,(anonymous_16)
FNDA:0,(anonymous_17)
FNDA:0,(anonymous_18)
FNDA:1,(anonymous_19)
FNDA:2,(anonymous_20)
DA:33,2
DA:35,2
DA:36,2
DA:37,2
DA:39,2
DA:45,0
DA:46,0
DA:51,2
DA:76,2
DA:77,2
DA:78,2
DA:81,2
DA:89,2
DA:90,2
DA:91,2
DA:92,2
DA:93,2
DA:95,2
DA:96,2
DA:97,2
DA:100,2
DA:105,2
DA:113,2
DA:128,2
DA:129,2
DA:134,2
DA:135,10
DA:136,3
DA:137,3
DA:139,3
DA:140,3
DA:141,3
DA:142,3
DA:144,3
DA:152,10
DA:155,2
DA:157,2
DA:165,16
DA:166,7
DA:168,9
DA:169,2
DA:173,7
DA:174,7
DA:175,1
DA:177,6
DA:181,2
DA:182,3
DA:184,3
DA:185,3
DA:186,0
DA:188,0
DA:190,0
DA:191,0
DA:197,3
DA:198,0
DA:203,0
DA:204,0
DA:208,0
DA:217,0
DA:218,0
DA:219,0
DA:220,0
DA:223,0
DA:224,0
DA:226,0
DA:227,0
DA:228,0
DA:229,0
DA:231,0
DA:236,0
DA:242,3
DA:245,3
DA:246,3
DA:247,0
DA:248,0
DA:249,0
DA:264,0
DA:265,0
DA:266,0
DA:268,0
DA:272,0
DA:284,0
DA:285,0
DA:290,2
DA:291,0
DA:293,0
DA:294,0
DA:295,0
DA:297,0
DA:299,0
DA:300,0
DA:312,0
DA:313,0
DA:314,0
DA:315,0
DA:318,0
DA:319,0
DA:321,0
DA:322,0
DA:323,0
DA:324,0
DA:326,0
DA:332,0
DA:337,0
DA:339,0
DA:350,0
DA:351,0
DA:356,2
DA:357,0
DA:359,0
DA:360,0
DA:361,0
DA:363,0
DA:365,0
DA:366,0
DA:371,0
DA:372,0
DA:377,0
DA:378,0
DA:382,0
DA:391,0
DA:392,0
DA:393,0
DA:394,0
DA:397,0
DA:398,0
DA:400,0
DA:401,0
DA:402,0
DA:403,0
DA:405,0
DA:410,0
DA:415,0
DA:417,0
DA:428,0
DA:429,0
DA:434,2
DA:435,4
DA:436,0
DA:439,4
DA:440,4
DA:442,4
DA:462,2
DA:463,2
DA:468,2
DA:469,2
DA:473,0
DA:480,0
DA:484,2
DA:488,2
DA:497,2
DA:498,0
DA:499,0
DA:506,0
DA:507,0
DA:509,0
DA:510,0
DA:515,0
DA:516,0
DA:517,0
DA:519,0
DA:520,0
DA:522,2
DA:523,0
DA:524,0
DA:528,2
DA:529,2
DA:531,2
DA:532,2
DA:543,0
DA:544,0
DA:545,0
DA:547,0
DA:548,0
DA:550,0
DA:551,0
DA:552,0
DA:553,0
DA:561,2
DA:562,1
DA:577,2
DA:578,2
DA:579,2
DA:580,2
DA:581,2
DA:582,2
DA:583,2
DA:584,2
DA:585,2
LF:189
LH:81
BRDA:36,0,0,2
BRDA:36,0,1,2
BRDA:37,1,0,2
BRDA:37,1,1,2
BRDA:90,2,0,2
BRDA:90,2,1,2
BRDA:95,3,0,1
BRDA:95,3,1,1
BRDA:96,4,0,1
BRDA:96,4,1,1
BRDA:97,5,0,1
BRDA:97,5,1,1
BRDA:135,6,0,3
BRDA:135,6,1,7
BRDA:137,7,0,1
BRDA:137,7,1,2
BRDA:141,8,0,0
BRDA:141,8,1,3
BRDA:142,9,0,0
BRDA:142,9,1,3
BRDA:165,10,0,7
BRDA:165,10,1,9
BRDA:165,11,0,16
BRDA:165,11,1,12
BRDA:168,12,0,2
BRDA:168,12,1,7
BRDA:174,13,0,1
BRDA:174,13,1,6
BRDA:182,14,0,3
BRDA:185,15,0,3
BRDA:185,15,1,0
BRDA:193,16,0,0
BRDA:193,16,1,0
BRDA:197,17,0,0
BRDA:197,17,1,3
BRDA:203,18,0,0
BRDA:203,18,1,0
BRDA:217,19,0,0
BRDA:217,19,1,0
BRDA:229,20,0,0
BRDA:229,20,1,0
BRDA:231,21,0,0
BRDA:231,21,1,0
BRDA:233,22,0,0
BRDA:233,22,1,0
BRDA:235,23,0,0
BRDA:235,23,1,0
BRDA:238,24,0,0
BRDA:238,24,1,0
BRDA:242,25,0,3
BRDA:242,25,1,0
BRDA:246,26,0,0
BRDA:246,26,1,3
BRDA:246,27,0,3
BRDA:246,27,1,0
BRDA:264,28,0,0
BRDA:264,28,1,0
BRDA:266,29,0,0
BRDA:266,29,1,0
BRDA:291,30,0,0
BRDA:294,31,0,0
BRDA:294,31,1,0
BRDA:308,32,0,0
BRDA:308,32,1,0
BRDA:312,33,0,0
BRDA:312,33,1,0
BRDA:324,34,0,0
BRDA:324,34,1,0
BRDA:326,35,0,0
BRDA:326,35,1,0
BRDA:328,36,0,0
BRDA:328,36,1,0
BRDA:330,37,0,0
BRDA:330,37,1,0
BRDA:337,38,0,0
BRDA:337,38,1,0
BRDA:357,39,0,0
BRDA:360,40,0,0
BRDA:360,40,1,0
BRDA:368,41,0,0
BRDA:368,41,1,0
BRDA:371,42,0,0
BRDA:371,42,1,0
BRDA:377,43,0,0
BRDA:377,43,1,0
BRDA:391,44,0,0
BRDA:391,44,1,0
BRDA:403,45,0,0
BRDA:403,45,1,0
BRDA:405,46,0,0
BRDA:405,46,1,0
BRDA:407,47,0,0
BRDA:407,47,1,0
BRDA:409,48,0,0
BRDA:409,48,1,0
BRDA:410,49,0,0
BRDA:410,49,1,0
BRDA:411,50,0,0
BRDA:411,50,1,0
BRDA:412,51,0,0
BRDA:412,51,1,0
BRDA:415,52,0,0
BRDA:415,52,1,0
BRDA:435,53,0,0
BRDA:435,53,1,4
BRDA:440,54,0,4
BRDA:440,54,1,0
BRDA:440,55,0,0
BRDA:440,55,1,0
BRDA:468,56,0,2
BRDA:468,56,1,0
BRDA:480,57,0,0
BRDA:480,57,1,0
BRDA:480,58,0,0
BRDA:480,58,1,0
BRDA:484,59,0,2
BRDA:484,59,1,0
BRDA:485,60,0,2
BRDA:485,60,1,0
BRDA:497,61,0,0
BRDA:497,61,1,2
BRDA:506,62,0,0
BRDA:506,62,1,0
BRDA:545,63,0,0
BRDA:545,63,1,0
BRDA:550,64,0,0
BRDA:550,64,1,0
BRDA:577,65,0,2
BRDA:577,65,1,0
BRDA:582,66,0,1
BRDA:582,66,1,1
BRDA:583,67,0,1
BRDA:583,67,1,1
BRDA:584,68,0,2
BRDA:584,68,1,1
BRF:135
BRH:45
end_of_record
TN:
SF:server/logger.ts
FNF:0
FNH:0
DA:3,0
LF:1
LH:0
BRF:0
BRH:0
end_of_record
TN:
SF:src/App.tsx
FN:8,(anonymous_0)
FN:9,(anonymous_1)
FN:14,App
FN:28,(anonymous_3)
FNF:4
FNH:0
FNDA:0,(anonymous_0)
FNDA:0,(anonymous_1)
FNDA:0,App
FNDA:0,(anonymous_3)
DA:8,0
DA:9,0
DA:15,0
DA:20,0
DA:24,0
DA:28,0
DA:29,0
DA:35,0
LF:8
LH:0
BRDA:25,0,0,0
BRDA:25,0,1,0
BRDA:29,1,0,0
BRDA:29,1,1,0
BRDA:29,2,0,0
BRDA:29,2,1,0
BRDA:67,3,0,0
BRDA:67,3,1,0
BRDA:76,4,0,0
BRDA:76,4,1,0
BRDA:77,5,0,0
BRDA:77,5,1,0
BRF:12
BRH:0
end_of_record
TN:
SF:src/main.tsx
FNF:0
FNH:0
DA:6,0
LF:1
LH:0
BRF:0
BRH:0
end_of_record
TN:
SF:src/components/index.ts
FNF:0
FNH:0
LF:0
LH:0
BRF:0
BRH:0
end_of_record
TN:
SF:src/components/ai/GroqAssistant.tsx
FN:44,consumeSSE
FN:97,buildSearchContextMessage
FN:98,(anonymous_2)
FN:111,GroqAssistant
FN:121,(anonymous_4)
FN:127,(anonymous_5)
FN:131,(anonymous_6)
FN:134,(anonymous_7)
FN:143,(anonymous_8)
FN:146,(anonymous_9)
FN:164,(anonymous_10)
FN:166,(anonymous_11)
FN:174,(anonymous_12)
FN:177,(anonymous_13)
FN:190,(anonymous_14)
FN:201,(anonymous_15)
FN:215,(anonymous_16)
FN:216,(anonymous_17)
FN:224,(anonymous_18)
FN:264,(anonymous_19)
FN:289,(anonymous_20)
FN:292,(anonymous_21)
FN:313,(anonymous_22)
FN:322,(anonymous_23)
FN:322,(anonymous_24)
FN:355,(anonymous_25)
FN:375,(anonymous_26)
FN:376,(anonymous_27)
FNF:28
FNH:0
FNDA:0,consumeSSE
FNDA:0,buildSearchContextMessage
FNDA:0,(anonymous_2)
FNDA:0,GroqAssistant
FNDA:0,(anonymous_4)
FNDA:0,(anonymous_5)
FNDA:0,(anonymous_6)
FNDA:0,(anonymous_7)
FNDA:0,(anonymous_8)
FNDA:0,(anonymous_9)
FNDA:0,(anonymous_10)
FNDA:0,(anonymous_11)
FNDA:0,(anonymous_12)
FNDA:0,(anonymous_13)
FNDA:0,(anonymous_14)
FNDA:0,(anonymous_15)
FNDA:0,(anonymous_16)
FNDA:0,(anonymous_17)
FNDA:0,(anonymous_18)
FNDA:0,(anonymous_19)
FNDA:0,(anonymous_20)
FNDA:0,(anonymous_21)
FNDA:0,(anonymous_22)
FNDA:0,(anonymous_23)
FNDA:0,(anonymous_24)
FNDA:0,(anonymous_25)
FNDA:0,(anonymous_26)
FNDA:0,(anonymous_27)
DA:22,0
DA:30,0
DA:36,0
DA:49,0
DA:50,0
DA:51,0
DA:53,0
DA:54,0
DA:55,0
DA:56,0
DA:60,0
DA:61,0
DA:62,0
DA:64,0
DA:65,0
DA:66,0
DA:67,0
DA:68,0
DA:70,0
DA:72,0
DA:73,0
DA:74,0
DA:75,0
DA:77,0
DA:78,0
DA:79,0
DA:80,0
DA:82,0
DA:83,0
DA:84,0
DA:85,0
DA:86,0
DA:88,0
DA:98,0
DA:99,0
DA:101,0
DA:112,0
DA:113,0
DA:114,0
DA:115,0
DA:116,0
DA:117,0
DA:118,0
DA:119,0
DA:121,0
DA:122,0
DA:127,0
DA:128,0
DA:129,0
DA:130,0
DA:131,0
DA:134,0
DA:135,0
DA:136,0
DA:137,0
DA:138,0
DA:139,0
DA:140,0
DA:143,0
DA:145,0
DA:146,0
DA:150,0
DA:151,0
DA:159,0
DA:161,0
DA:162,0
DA:163,0
DA:166,0
DA:167,0
DA:168,0
DA:169,0
DA:170,0
DA:172,0
DA:177,0
DA:178,0
DA:179,0
DA:180,0
DA:181,0
DA:183,0
DA:189,0
DA:190,0
DA:191,0
DA:192,0
DA:197,0
DA:201,0
DA:202,0
DA:203,0
DA:208,0
DA:211,0
DA:215,0
DA:216,0
DA:217,0
DA:220,0
DA:224,0
DA:264,0
DA:290,0
DA:293,0
DA:294,0
DA:313,0
DA:322,0
DA:323,0
DA:356,0
DA:375,0
DA:376,0
LF:104
LH:0
BRDA:36,0,0,0
BRDA:36,0,1,0
BRDA:37,1,0,0
BRDA:37,1,1,0
BRDA:37,2,0,0
BRDA:37,2,1,0
BRDA:55,3,0,0
BRDA:55,3,1,0
BRDA:67,4,0,0
BRDA:67,4,1,0
BRDA:68,5,0,0
BRDA:68,5,1,0
BRDA:70,6,0,0
BRDA:70,6,1,0
BRDA:72,7,0,0
BRDA:72,7,1,0
BRDA:75,8,0,0
BRDA:75,8,1,0
BRDA:77,9,0,0
BRDA:77,9,1,0
BRDA:80,10,0,0
BRDA:80,10,1,0
BRDA:80,11,0,0
BRDA:80,11,1,0
BRDA:83,12,0,0
BRDA:83,12,1,0
BRDA:86,13,0,0
BRDA:86,13,1,0
BRDA:88,14,0,0
BRDA:88,14,1,0
BRDA:111,15,0,0
BRDA:128,16,0,0
BRDA:128,16,1,0
BRDA:128,17,0,0
BRDA:128,17,1,0
BRDA:128,17,2,0
BRDA:129,18,0,0
BRDA:129,18,1,0
BRDA:135,19,0,0
BRDA:135,19,1,0
BRDA:135,20,0,0
BRDA:135,20,1,0
BRDA:159,21,0,0
BRDA:159,21,1,0
BRDA:162,22,0,0
BRDA:162,22,1,0
BRDA:162,23,0,0
BRDA:162,23,1,0
BRDA:169,24,0,0
BRDA:169,24,1,0
BRDA:180,25,0,0
BRDA:180,25,1,0
BRDA:194,26,0,0
BRDA:194,26,1,0
BRDA:195,27,0,0
BRDA:195,27,1,0
BRDA:217,28,0,0
BRDA:217,28,1,0
BRDA:243,29,0,0
BRDA:243,29,1,0
BRDA:278,30,0,0
BRDA:278,30,1,0
BRDA:300,31,0,0
BRDA:300,31,1,0
BRDA:327,32,0,0
BRDA:327,32,1,0
BRDA:332,33,0,0
BRDA:332,33,1,0
BRDA:335,34,0,0
BRDA:335,34,1,0
BRDA:338,35,0,0
BRDA:338,35,1,0
BRDA:344,36,0,0
BRDA:344,36,1,0
BRDA:344,36,2,0
BRDA:352,37,0,0
BRDA:352,37,1,0
BRDA:376,38,0,0
BRDA:376,38,1,0
BRDA:376,38,2,0
BRDA:384,39,0,0
BRDA:384,39,1,0
BRF:82
BRH:0
end_of_record
TN:
SF:src/components/ai/index.ts
FNF:0
FNH:0
LF:0
LH:0
BRF:0
BRH:0
end_of_record
TN:
SF:src/components/layout/AnimatedBackground.tsx
FN:3,AnimatedBackground
FN:6,(anonymous_1)
FN:15,(anonymous_2)
FN:22,(anonymous_3)
FN:27,(anonymous_4)
FN:30,(anonymous_5)
FN:44,(anonymous_6)
FN:57,(anonymous_7)
FN:66,(anonymous_8)
FN:70,(anonymous_9)
FN:72,(anonymous_10)
FN:112,(anonymous_11)
FNF:12
FNH:0
FNDA:0,AnimatedBackground
FNDA:0,(anonymous_1)
FNDA:0,(anonymous_2)
FNDA:0,(anonymous_3)
FNDA:0,(anonymous_4)
FNDA:0,(anonymous_5)
FNDA:0,(anonymous_6)
FNDA:0,(anonymous_7)
FNDA:0,(anonymous_8)
FNDA:0,(anonymous_9)
FNDA:0,(anonymous_10)
FNDA:0,(anonymous_11)
DA:4,0
DA:6,0
DA:7,0
DA:8,0
DA:9,0
DA:10,0
DA:13,0
DA:15,0
DA:16,0
DA:17,0
DA:19,0
DA:20,0
DA:22,0
DA:27,0
DA:30,0
DA:41,0
DA:42,0
DA:44,0
DA:45,0
DA:46,0
DA:48,0
DA:52,0
DA:53,0
DA:54,0
DA:55,0
DA:57,0
DA:58,0
DA:59,0
DA:60,0
DA:61,0
DA:62,0
DA:65,0
DA:66,0
DA:67,0
DA:68,0
DA:69,0
DA:70,0
DA:72,0
DA:73,0
DA:74,0
DA:75,0
DA:79,0
DA:80,0
DA:88,0
DA:89,0
DA:90,0
DA:91,0
DA:92,0
DA:93,0
DA:94,0
DA:95,0
DA:96,0
DA:99,0
DA:100,0
DA:101,0
DA:102,0
DA:104,0
DA:105,0
DA:108,0
DA:110,0
DA:112,0
DA:113,0
DA:114,0
DA:118,0
LF:64
LH:0
BRDA:8,0,0,0
BRDA:8,0,1,0
BRDA:10,1,0,0
BRDA:10,1,1,0
BRDA:68,2,0,0
BRDA:68,2,1,0
BRDA:73,3,0,0
BRDA:73,3,1,0
BRDA:79,4,0,0
BRDA:79,4,1,0
BRDA:79,5,0,0
BRDA:79,5,1,0
BRDA:91,6,0,0
BRDA:91,6,1,0
BRF:14
BRH:0
end_of_record
TN:
SF:src/components/layout/Footer.tsx
FN:11,Footer
FN:27,(anonymous_1)
FNF:2
FNH:0
FNDA:0,Footer
FNDA:0,(anonymous_1)
DA:4,0
DA:12,0
DA:28,0
LF:3
LH:0
BRDA:7,0,0,0
BRDA:7,0,1,0
BRF:2
BRH:0
end_of_record
TN:
SF:src/components/layout/LiveTicker.tsx
FN:7,(anonymous_0)
FN:17,LiveTicker
FN:35,(anonymous_2)
FNF:3
FNH:0
FNDA:0,(anonymous_0)
FNDA:0,LiveTicker
FNDA:0,(anonymous_2)
DA:7,0
DA:18,0
DA:24,0
DA:26,0
DA:36,0
LF:5
LH:0
BRDA:8,0,0,0
BRDA:8,0,1,0
BRDA:20,1,0,0
BRDA:20,1,1,0
BRF:4
BRH:0
end_of_record
TN:
SF:src/components/layout/Navbar.tsx
FN:26,Navbar
FN:40,(anonymous_1)
FN:68,(anonymous_2)
FN:71,(anonymous_3)
FNF:4
FNH:0
FNDA:0,Navbar
FNDA:0,(anonymous_1)
FNDA:0,(anonymous_2)
FNDA:0,(anonymous_3)
DA:9,0
DA:31,0
DA:40,0
DA:69,0
DA:71,0
LF:5
LH:0
BRDA:57,0,0,0
BRDA:57,0,1,0
BRDA:63,1,0,0
BRDA:63,1,1,0
BRDA:72,2,0,0
BRDA:72,2,1,0
BRDA:74,3,0,0
BRDA:74,3,1,0
BRDA:78,4,0,0
BRDA:78,4,1,0
BRF:10
BRH:0
end_of_record
TN:
SF:src/components/layout/index.ts
FNF:0
FNH:0
LF:0
LH:0
BRF:0
BRH:0
end_of_record
TN:
SF:src/components/search/PaymentFlowVisualizer.tsx
FN:23,PaymentFlowVisualizer
FN:59,(anonymous_1)
FN:167,(anonymous_2)
FNF:3
FNH:0
FNDA:0,PaymentFlowVisualizer
FNDA:0,(anonymous_1)
FNDA:0,(anonymous_2)
DA:8,0
DA:17,0
DA:24,0
DA:26,0
DA:27,0
DA:28,0
DA:33,0
DA:34,0
DA:36,0
DA:60,0
DA:61,0
DA:62,0
DA:64,0
DA:168,0
LF:14
LH:0
BRDA:24,0,0,0
BRDA:24,0,1,0
BRDA:33,1,0,0
BRDA:33,1,1,0
BRDA:34,2,0,0
BRDA:34,2,1,0
BRDA:51,3,0,0
BRDA:51,3,1,0
BRDA:52,4,0,0
BRDA:52,4,1,0
BRDA:61,5,0,0
BRDA:61,5,1,0
BRDA:62,6,0,0
BRDA:62,6,1,0
BRDA:69,7,0,0
BRDA:69,7,1,0
BRDA:70,8,0,0
BRDA:70,8,1,0
BRDA:70,9,0,0
BRDA:70,9,1,0
BRDA:72,10,0,0
BRDA:72,10,1,0
BRDA:73,11,0,0
BRDA:73,11,1,0
BRDA:74,12,0,0
BRDA:74,12,1,0
BRDA:76,13,0,0
BRDA:76,13,1,0
BRDA:79,14,0,0
BRDA:79,14,1,0
BRDA:86,15,0,0
BRDA:86,15,1,0
BRDA:89,16,0,0
BRDA:89,16,1,0
BRDA:93,17,0,0
BRDA:93,17,1,0
BRDA:104,18,0,0
BRDA:104,18,1,0
BRDA:105,19,0,0
BRDA:105,19,1,0
BRDA:105,20,0,0
BRDA:105,20,1,0
BRDA:128,21,0,0
BRDA:128,21,1,0
BRDA:136,22,0,0
BRDA:136,22,1,0
BRDA:136,23,0,0
BRDA:136,23,1,0
BRDA:137,24,0,0
BRDA:137,24,1,0
BRDA:138,25,0,0
BRDA:138,25,1,0
BRDA:144,26,0,0
BRDA:144,26,1,0
BRDA:144,26,2,0
BRDA:161,27,0,0
BRDA:161,27,1,0
BRF:57
BRH:0
end_of_record
TN:
SF:src/components/search/SearchBar.tsx
FN:28,SearchBar
FN:41,(anonymous_1)
FN:45,(anonymous_2)
FN:165,(anonymous_3)
FN:171,(anonymous_4)
FNF:5
FNH:5
FNDA:11,SearchBar
FNDA:9,(anonymous_1)
FNDA:2,(anonymous_2)
FNDA:44,(anonymous_3)
FNDA:2,(anonymous_4)
DA:12,2
DA:36,11
DA:37,11
DA:39,11
DA:41,11
DA:42,9
DA:45,11
DA:46,2
DA:47,2
DA:49,2
DA:50,0
DA:51,0
DA:54,2
DA:55,2
DA:58,11
DA:166,44
DA:167,44
DA:171,2
LF:18
LH:16
BRDA:34,0,0,11
BRDA:39,1,0,11
BRDA:39,1,1,10
BRDA:47,2,0,0
BRDA:47,2,1,2
BRDA:49,3,0,0
BRDA:49,3,1,2
BRDA:49,4,0,2
BRDA:49,4,1,2
BRDA:55,5,0,1
BRDA:55,5,1,1
BRDA:60,6,0,11
BRDA:60,6,1,1
BRDA:77,7,0,1
BRDA:77,7,1,10
BRDA:80,8,0,10
BRDA:80,8,1,1
BRDA:93,9,0,1
BRDA:93,9,1,10
BRDA:102,10,0,1
BRDA:102,10,1,10
BRDA:113,11,0,1
BRDA:113,11,1,10
BRDA:117,12,0,11
BRDA:117,12,1,10
BRDA:119,13,0,1
BRDA:119,13,1,10
BRDA:124,14,0,11
BRDA:124,14,1,10
BRDA:128,15,0,2
BRDA:128,15,1,9
BRDA:128,16,0,11
BRDA:128,16,1,10
BRDA:131,17,0,2
BRDA:131,17,1,9
BRDA:131,18,0,11
BRDA:131,18,1,10
BRDA:135,19,0,2
BRDA:135,19,1,9
BRDA:135,20,0,11
BRDA:135,20,1,10
BRDA:141,21,0,1
BRDA:141,21,1,10
BRDA:174,22,0,11
BRDA:174,22,1,33
BRDA:177,23,0,11
BRDA:177,23,1,33
BRDA:180,24,0,11
BRDA:180,24,1,33
BRDA:193,25,0,10
BRDA:193,25,1,1
BRDA:200,26,0,0
BRDA:200,26,1,11
BRF:53
BRH:50
end_of_record
TN:
SF:src/components/search/SearchResults.tsx
FN:20,SearchResults
FN:27,(anonymous_1)
FN:39,(anonymous_2)
FN:42,(anonymous_3)
FN:49,(anonymous_4)
FN:60,(anonymous_5)
FN:70,(anonymous_6)
FN:71,(anonymous_7)
FN:87,(anonymous_8)
FN:88,(anonymous_9)
FN:99,(anonymous_10)
FN:120,(anonymous_11)
FN:126,(anonymous_12)
FN:171,(anonymous_13)
FN:224,(anonymous_14)
FN:305,(anonymous_15)
FN:328,(anonymous_16)
FN:383,(anonymous_17)
FNF:18
FNH:0
FNDA:0,SearchResults
FNDA:0,(anonymous_1)
FNDA:0,(anonymous_2)
FNDA:0,(anonymous_3)
FNDA:0,(anonymous_4)
FNDA:0,(anonymous_5)
FNDA:0,(anonymous_6)
FNDA:0,(anonymous_7)
FNDA:0,(anonymous_8)
FNDA:0,(anonymous_9)
FNDA:0,(anonymous_10)
FNDA:0,(anonymous_11)
FNDA:0,(anonymous_12)
FNDA:0,(anonymous_13)
FNDA:0,(anonymous_14)
FNDA:0,(anonymous_15)
FNDA:0,(anonymous_16)
FNDA:0,(anonymous_17)
DA:14,0
DA:21,0
DA:22,0
DA:23,0
DA:24,0
DA:25,0
DA:27,0
DA:28,0
DA:29,0
DA:30,0
DA:31,0
DA:32,0
DA:33,0
DA:34,0
DA:35,0
DA:36,0
DA:39,0
DA:40,0
DA:41,0
DA:42,0
DA:49,0
DA:50,0
DA:51,0
DA:52,0
DA:53,0
DA:54,0
DA:55,0
DA:56,0
DA:57,0
DA:60,0
DA:62,0
DA:63,0
DA:65,0
DA:66,0
DA:67,0
DA:70,0
DA:71,0
DA:74,0
DA:77,0
DA:78,0
DA:79,0
DA:80,0
DA:81,0
DA:82,0
DA:83,0
DA:84,0
DA:85,0
DA:86,0
DA:87,0
DA:88,0
DA:91,0
DA:96,0
DA:97,0
DA:100,0
DA:118,0
DA:120,0
DA:121,0
DA:122,0
DA:123,0
DA:124,0
DA:126,0
DA:127,0
DA:131,0
DA:135,0
DA:136,0
DA:146,0
DA:148,0
DA:149,0
DA:150,0
DA:151,0
DA:152,0
DA:153,0
DA:154,0
DA:155,0
DA:156,0
DA:158,0
DA:159,0
DA:160,0
DA:161,0
DA:162,0
DA:163,0
DA:164,0
DA:165,0
DA:167,0
DA:168,0
DA:169,0
DA:170,0
DA:171,0
DA:173,0
DA:174,0
DA:175,0
DA:176,0
DA:177,0
DA:178,0
DA:180,0
DA:186,0
DA:187,0
DA:190,0
DA:192,0
DA:196,0
DA:224,0
DA:306,0
DA:329,0
DA:383,0
LF:104
LH:0
BRDA:14,0,0,0
BRDA:14,0,1,0
BRDA:15,1,0,0
BRDA:15,1,1,0
BRDA:15,2,0,0
BRDA:15,2,1,0
BRDA:28,3,0,0
BRDA:28,3,1,0
BRDA:40,4,0,0
BRDA:40,4,1,0
BRDA:71,5,0,0
BRDA:71,5,1,0
BRDA:88,6,0,0
BRDA:88,6,1,0
BRDA:96,7,0,0
BRDA:96,7,1,0
BRDA:118,8,0,0
BRDA:118,8,1,0
BRDA:121,9,0,0
BRDA:121,9,1,0
BRDA:146,10,0,0
BRDA:146,10,1,0
BRDA:149,11,0,0
BRDA:149,11,1,0
BRDA:149,12,0,0
BRDA:149,12,1,0
BRDA:155,13,0,0
BRDA:155,13,1,0
BRDA:164,14,0,0
BRDA:164,14,1,0
BRDA:165,15,0,0
BRDA:165,15,1,0
BRDA:167,16,0,0
BRDA:167,16,1,0
BRDA:168,17,0,0
BRDA:168,17,1,0
BRDA:171,18,0,0
BRDA:171,18,1,0
BRDA:173,19,0,0
BRDA:173,19,1,0
BRDA:175,20,0,0
BRDA:175,20,1,0
BRDA:178,21,0,0
BRDA:178,21,1,0
BRDA:180,22,0,0
BRDA:180,22,1,0
BRDA:187,23,0,0
BRDA:187,23,1,0
BRDA:190,24,0,0
BRDA:190,24,1,0
BRDA:203,25,0,0
BRDA:203,25,1,0
BRDA:235,26,0,0
BRDA:235,26,1,0
BRDA:278,27,0,0
BRDA:278,27,1,0
BRDA:278,28,0,0
BRDA:278,28,1,0
BRDA:287,29,0,0
BRDA:287,29,1,0
BRDA:287,29,2,0
BRDA:287,29,3,0
BRDA:303,30,0,0
BRDA:303,30,1,0
BRDA:316,31,0,0
BRDA:316,31,1,0
BRDA:321,32,0,0
BRDA:321,32,1,0
BRDA:365,33,0,0
BRDA:365,33,1,0
BRDA:386,34,0,0
BRDA:386,34,1,0
BRDA:387,35,0,0
BRDA:387,35,1,0
BRDA:392,36,0,0
BRDA:392,36,1,0
BRDA:400,37,0,0
BRDA:400,37,1,0
BRF:78
BRH:0
end_of_record
TN:
SF:src/components/search/SearchSuggestions.tsx
FN:20,SearchSuggestions
FN:25,(anonymous_1)
FN:26,(anonymous_2)
FN:27,(anonymous_3)
FN:45,(anonymous_4)
FN:51,(anonymous_5)
FN:54,(anonymous_6)
FN:59,(anonymous_7)
FNF:8
FNH:0
FNDA:0,SearchSuggestions
FNDA:0,(anonymous_1)
FNDA:0,(anonymous_2)
FNDA:0,(anonymous_3)
FNDA:0,(anonymous_4)
FNDA:0,(anonymous_5)
FNDA:0,(anonymous_6)
FNDA:0,(anonymous_7)
DA:5,0
DA:21,0
DA:22,0
DA:23,0
DA:25,0
DA:26,0
DA:27,0
DA:30,0
DA:46,0
DA:51,0
DA:55,0
DA:56,0
DA:57,0
DA:60,0
DA:61,0
DA:62,0
LF:16
LH:0
BRDA:21,0,0,0
BRDA:21,0,1,0
BRDA:22,1,0,0
BRDA:22,1,1,0
BRDA:38,2,0,0
BRDA:38,2,1,0
BRDA:40,3,0,0
BRDA:40,3,1,0
BRDA:56,4,0,0
BRDA:56,4,1,0
BRDA:57,5,0,0
BRDA:57,5,1,0
BRF:12
BRH:0
end_of_record
TN:
SF:src/components/search/index.ts
FNF:0
FNH:0
LF:0
LH:0
BRF:0
BRH:0
end_of_record
TN:
SF:src/components/ui/StatsGrid.tsx
FN:16,(anonymous_0)
FN:17,(anonymous_1)
FN:18,(anonymous_2)
FN:19,(anonymous_3)
FN:27,StatsGrid
FN:36,(anonymous_5)
FN:46,(anonymous_6)
FN:48,(anonymous_7)
FN:52,(anonymous_8)
FN:55,(anonymous_9)
FN:60,(anonymous_10)
FNF:11
FNH:0
FNDA:0,(anonymous_0)
FNDA:0,(anonymous_1)
FNDA:0,(anonymous_2)
FNDA:0,(anonymous_3)
FNDA:0,StatsGrid
FNDA:0,(anonymous_5)
FNDA:0,(anonymous_6)
FNDA:0,(anonymous_7)
FNDA:0,(anonymous_8)
FNDA:0,(anonymous_9)
FNDA:0,(anonymous_10)
DA:15,0
DA:16,0
DA:17,0
DA:18,0
DA:19,0
DA:28,0
DA:36,0
DA:37,0
DA:38,0
DA:39,0
DA:46,0
DA:48,0
DA:52,0
DA:53,0
DA:54,0
DA:55,0
DA:58,0
DA:61,0
LF:18
LH:0
BRDA:27,0,0,0
BRDA:38,1,0,0
BRDA:38,1,1,0
BRDA:40,2,0,0
BRDA:40,2,1,0
BRDA:41,3,0,0
BRDA:41,3,1,0
BRDA:42,4,0,0
BRDA:42,4,1,0
BRDA:43,5,0,0
BRDA:43,5,1,0
BRDA:46,6,0,0
BRDA:46,6,1,0
BRDA:100,7,0,0
BRDA:100,7,1,0
BRDA:102,8,0,0
BRDA:102,8,1,0
BRF:17
BRH:0
end_of_record
TN:
SF:src/components/ui/ZeroBalanceBanner.tsx
FN:16,(anonymous_0)
FN:18,ZeroBalanceBanner
FN:22,(anonymous_2)
FN:33,(anonymous_3)
FNF:4
FNH:0
FNDA:0,(anonymous_0)
FNDA:0,ZeroBalanceBanner
FNDA:0,(anonymous_2)
FNDA:0,(anonymous_3)
DA:12,0
DA:14,0
DA:16,0
DA:19,0
DA:22,0
DA:23,0
DA:24,0
DA:25,0
DA:27,0
DA:30,0
DA:31,0
DA:33,0
DA:34,0
DA:35,0
DA:38,0
LF:15
LH:0
BRDA:23,0,0,0
BRDA:23,0,1,0
BRDA:30,1,0,0
BRDA:30,1,1,0
BRDA:31,2,0,0
BRDA:31,2,1,0
BRDA:31,2,2,0
BRDA:31,2,3,0
BRDA:34,3,0,0
BRDA:34,3,1,0
BRDA:40,4,0,0
BRDA:40,4,1,0
BRF:12
BRH:0
end_of_record
TN:
SF:src/components/ui/index.ts
FNF:0
FNH:0
LF:0
LH:0
BRF:0
BRH:0
end_of_record
TN:
SF:src/components/wallet/WalletPanel.tsx
FN:23,WalletPanel
FN:32,(anonymous_1)
FN:36,(anonymous_2)
FN:67,(anonymous_3)
FN:67,(anonymous_4)
FN:96,(anonymous_5)
FN:190,(anonymous_6)
FN:245,(anonymous_7)
FNF:8
FNH:0
FNDA:0,WalletPanel
FNDA:0,(anonymous_1)
FNDA:0,(anonymous_2)
FNDA:0,(anonymous_3)
FNDA:0,(anonymous_4)
FNDA:0,(anonymous_5)
FNDA:0,(anonymous_6)
FNDA:0,(anonymous_7)
DA:27,0
DA:28,0
DA:30,0
DA:32,0
DA:33,0
DA:34,0
DA:35,0
DA:36,0
DA:40,0
DA:41,0
DA:64,0
DA:67,0
DA:96,0
DA:191,0
DA:245,0
LF:15
LH:0
BRDA:30,0,0,0
BRDA:30,0,1,0
BRDA:33,1,0,0
BRDA:33,1,1,0
BRDA:40,2,0,0
BRDA:40,2,1,0
BRDA:49,3,0,0
BRDA:49,3,1,0
BRDA:58,4,0,0
BRDA:58,4,1,0
BRDA:72,5,0,0
BRDA:72,5,1,0
BRDA:79,6,0,0
BRDA:79,6,1,0
BRDA:82,7,0,0
BRDA:82,7,1,0
BRDA:83,8,0,0
BRDA:83,8,1,0
BRDA:85,9,0,0
BRDA:85,9,1,0
BRDA:89,10,0,0
BRDA:89,10,1,0
BRDA:114,11,0,0
BRDA:114,11,1,0
BRDA:115,12,0,0
BRDA:115,12,1,0
BRDA:116,13,0,0
BRDA:116,13,1,0
BRDA:132,14,0,0
BRDA:132,14,1,0
BRDA:155,15,0,0
BRDA:155,15,1,0
BRDA:174,16,0,0
BRDA:174,16,1,0
BRDA:178,17,0,0
BRDA:178,17,1,0
BRDA:186,18,0,0
BRDA:186,18,1,0
BRDA:225,19,0,0
BRDA:225,19,1,0
BRF:40
BRH:0
end_of_record
TN:
SF:src/components/wallet/index.ts
FNF:0
FNH:0
LF:0
LH:0
BRF:0
BRH:0
end_of_record
TN:
SF:src/hooks/index.ts
FNF:0
FNH:0
LF:0
LH:0
BRF:0
BRH:0
end_of_record
TN:
SF:src/hooks/useFreighterWallet.ts
FN:47,useFreighterWallet
FN:61,(anonymous_1)
FN:80,(anonymous_2)
FN:87,(anonymous_3)
FN:95,(anonymous_4)
FN:106,(anonymous_5)
FN:107,(anonymous_6)
FN:131,(anonymous_7)
FN:132,(anonymous_8)
FN:155,(anonymous_9)
FN:168,(anonymous_10)
FN:177,(anonymous_11)
FN:190,(anonymous_12)
FN:198,(anonymous_13)
FN:199,(anonymous_14)
FN:206,(anonymous_15)
FNF:16
FNH:15
FNDA:15,useFreighterWallet
FNDA:11,(anonymous_1)
FNDA:11,(anonymous_2)
FNDA:0,(anonymous_3)
FNDA:11,(anonymous_4)
FNDA:6,(anonymous_5)
FNDA:4,(anonymous_6)
FNDA:6,(anonymous_7)
FNDA:6,(anonymous_8)
FNDA:5,(anonymous_9)
FNDA:1,(anonymous_10)
FNDA:1,(anonymous_11)
FNDA:1,(anonymous_12)
FNDA:7,(anonymous_13)
FNDA:7,(anonymous_14)
FNDA:5,(anonymous_15)
DA:39,1
DA:48,15
DA:57,15
DA:58,15
DA:61,15
DA:62,11
DA:63,11
DA:65,11
DA:66,11
DA:68,11
DA:69,17
DA:70,11
DA:71,6
DA:76,6
DA:80,11
DA:87,0
DA:95,15
DA:96,11
DA:97,11
DA:98,11
DA:105,11
DA:106,6
DA:107,4
DA:122,11
DA:124,0
DA:126,11
DA:131,15
DA:132,6
DA:134,6
DA:135,6
DA:136,6
DA:137,1
DA:142,5
DA:143,5
DA:144,0
DA:147,5
DA:148,5
DA:149,0
DA:152,5
DA:153,5
DA:155,6
DA:165,6
DA:166,5
DA:168,1
DA:177,15
DA:178,1
DA:187,1
DA:190,15
DA:191,1
DA:192,1
DA:193,1
DA:198,15
DA:199,7
DA:200,7
DA:201,7
DA:202,7
DA:203,5
DA:204,5
DA:205,5
DA:206,5
DA:212,5
DA:213,5
DA:220,7
DA:223,15
LF:64
LH:60
BRDA:69,0,0,11
BRDA:69,0,1,6
BRDA:71,1,0,6
BRDA:71,1,1,0
BRDA:72,2,0,6
BRDA:72,2,1,6
BRDA:72,2,2,6
BRDA:89,3,0,0
BRDA:89,3,1,0
BRDA:106,4,0,6
BRDA:106,4,1,4
BRDA:111,5,0,2
BRDA:111,5,1,2
BRDA:113,6,0,0
BRDA:113,6,1,4
BRDA:115,7,0,4
BRDA:115,7,1,2
BRDA:116,8,0,4
BRDA:116,8,1,2
BRDA:116,8,2,0
BRDA:117,9,0,4
BRDA:117,9,1,2
BRDA:117,9,2,0
BRDA:136,10,0,1
BRDA:136,10,1,5
BRDA:143,11,0,0
BRDA:143,11,1,5
BRDA:148,12,0,0
BRDA:148,12,1,5
BRDA:148,13,0,5
BRDA:148,13,1,5
BRDA:153,14,0,5
BRDA:153,14,1,0
BRDA:172,15,0,1
BRDA:172,15,1,0
BRDA:191,16,0,1
BRDA:191,16,1,0
BRDA:202,17,0,5
BRDA:202,17,1,2
BRDA:204,18,0,5
BRDA:204,18,1,0
BRDA:210,19,0,5
BRDA:210,19,1,0
BRF:43
BRH:30
end_of_record
TN:
SF:src/hooks/useSearch.ts
FN:73,useSearch
FN:79,(anonymous_1)
FN:115,(anonymous_2)
FN:116,(anonymous_3)
FN:135,(anonymous_4)
FN:187,(anonymous_5)
FN:238,(anonymous_6)
FN:270,(anonymous_7)
FN:278,(anonymous_8)
FNF:9
FNH:0
FNDA:0,useSearch
FNDA:0,(anonymous_1)
FNDA:0,(anonymous_2)
FNDA:0,(anonymous_3)
FNDA:0,(anonymous_4)
FNDA:0,(anonymous_5)
FNDA:0,(anonymous_6)
FNDA:0,(anonymous_7)
FNDA:0,(anonymous_8)
DA:22,0
DA:29,0
DA:30,0
DA:31,0
DA:74,0
DA:78,0
DA:84,0
DA:86,0
DA:87,0
DA:89,0
DA:90,0
DA:91,0
DA:92,0
DA:95,0
DA:105,0
DA:106,0
DA:111,0
DA:112,0
DA:115,0
DA:116,0
DA:118,0
DA:119,0
DA:121,0
DA:124,0
DA:125,0
DA:126,0
DA:127,0
DA:129,0
DA:132,0
DA:133,0
DA:139,0
DA:141,0
DA:145,0
DA:146,0
DA:148,0
DA:150,0
DA:151,0
DA:155,0
DA:157,0
DA:162,0
DA:166,0
DA:167,0
DA:170,0
DA:171,0
DA:172,0
DA:173,0
DA:175,0
DA:176,0
DA:177,0
DA:178,0
DA:185,0
DA:186,0
DA:187,0
DA:188,0
DA:190,0
DA:193,0
DA:194,0
DA:195,0
DA:196,0
DA:198,0
DA:199,0
DA:202,0
DA:203,0
DA:204,0
DA:209,0
DA:210,0
DA:211,0
DA:213,0
DA:214,0
DA:215,0
DA:218,0
DA:219,0
DA:222,0
DA:233,0
DA:234,0
DA:238,0
DA:244,0
DA:245,0
DA:246,0
DA:247,0
DA:249,0
DA:258,0
DA:259,0
DA:260,0
DA:262,0
DA:267,0
DA:268,0
DA:269,0
DA:270,0
DA:278,0
DA:279,0
DA:282,0
LF:92
LH:0
BRDA:22,0,0,0
BRDA:22,0,1,0
BRDA:23,1,0,0
BRDA:23,1,1,0
BRDA:23,2,0,0
BRDA:23,2,1,0
BRDA:31,3,0,0
BRDA:31,3,1,0
BRDA:73,4,0,0
BRDA:82,5,0,0
BRDA:84,6,0,0
BRDA:84,6,1,0
BRDA:89,7,0,0
BRDA:89,7,1,0
BRDA:91,8,0,0
BRDA:91,8,1,0
BRDA:111,9,0,0
BRDA:111,9,1,0
BRDA:119,10,0,0
BRDA:119,10,1,0
BRDA:125,11,0,0
BRDA:125,11,1,0
BRDA:126,12,0,0
BRDA:126,12,1,0
BRDA:132,13,0,0
BRDA:132,13,1,0
BRDA:142,14,0,0
BRDA:142,14,1,0
BRDA:145,15,0,0
BRDA:145,15,1,0
BRDA:146,16,0,0
BRDA:146,16,1,0
BRDA:151,17,0,0
BRDA:151,17,1,0
BRDA:175,18,0,0
BRDA:175,18,1,0
BRDA:176,19,0,0
BRDA:176,19,1,0
BRDA:179,20,0,0
BRDA:179,20,1,0
BRDA:180,21,0,0
BRDA:180,21,1,0
BRDA:213,22,0,0
BRDA:213,22,1,0
BRDA:224,23,0,0
BRDA:224,23,1,0
BRDA:225,24,0,0
BRDA:225,24,1,0
BRDA:226,25,0,0
BRDA:226,25,1,0
BRDA:230,26,0,0
BRDA:230,26,1,0
BRDA:233,27,0,0
BRDA:233,27,1,0
BRDA:234,28,0,0
BRDA:234,28,1,0
BRDA:244,29,0,0
BRDA:244,29,1,0
BRDA:247,30,0,0
BRDA:247,30,1,0
BRDA:252,31,0,0
BRDA:252,31,1,0
BRDA:254,32,0,0
BRDA:254,32,1,0
BRDA:268,33,0,0
BRDA:268,33,1,0
BRF:66
BRH:0
end_of_record
TN:
SF:src/lib/constants.ts
FN:7,(anonymous_0)
FNF:1
FNH:1
FNDA:9,(anonymous_0)
DA:7,9
DA:8,9
DA:9,0
DA:12,9
DA:14,0
DA:16,9
DA:19,9
DA:20,9
DA:21,9
DA:24,9
DA:25,9
DA:26,9
DA:29,9
DA:30,9
DA:31,9
DA:34,9
DA:35,9
DA:36,9
DA:39,9
DA:40,9
DA:41,9
DA:44,9
DA:45,9
LF:23
LH:21
BRDA:8,0,0,0
BRDA:8,0,1,9
BRDA:8,1,0,9
BRDA:8,1,1,9
BRDA:8,1,2,9
BRDA:12,2,0,0
BRDA:12,2,1,9
BRDA:12,3,0,9
BRDA:12,3,1,9
BRDA:12,3,2,9
BRDA:21,4,0,0
BRDA:21,4,1,9
BRDA:26,5,0,0
BRDA:26,5,1,9
BRDA:31,6,0,0
BRDA:31,6,1,9
BRDA:36,7,0,0
BRDA:36,7,1,9
BRDA:41,8,0,0
BRDA:41,8,1,9
BRF:20
BRH:13
end_of_record
TN:
SF:src/lib/stellar.ts
FN:16,truncateAddress
FN:28,truncateHash
FN:39,explorerTxUrl
FN:49,explorerAccountUrl
FN:59,formatTimeAgo
FN:75,fetchServerStats
FNF:6
FNH:6
FNDA:6,truncateAddress
FNDA:4,truncateHash
FNDA:3,explorerTxUrl
FNDA:2,explorerAccountUrl
FNDA:6,formatTimeAgo
FNDA:4,fetchServerStats
DA:17,6
DA:18,3
DA:29,4
DA:30,2
DA:40,3
DA:50,2
DA:60,6
DA:61,6
DA:62,6
DA:63,5
DA:64,5
DA:65,3
DA:66,3
DA:67,2
DA:76,4
DA:77,4
DA:83,4
DA:84,2
DA:85,1
DA:87,2
LF:20
LH:20
BRDA:16,0,0,6
BRDA:17,1,0,3
BRDA:17,1,1,3
BRDA:28,2,0,4
BRDA:29,3,0,2
BRDA:29,3,1,2
BRDA:62,4,0,1
BRDA:62,4,1,5
BRDA:64,5,0,2
BRDA:64,5,1,3
BRDA:66,6,0,1
BRDA:66,6,1,2
BRDA:77,7,0,4
BRDA:77,7,1,4
BRDA:78,8,0,0
BRDA:78,8,1,4
BRDA:78,9,0,4
BRDA:78,9,1,4
BRDA:84,10,0,1
BRDA:84,10,1,1
BRF:20
BRH:19
end_of_record
TN:
SF:src/pages/DashboardPage.tsx
FN:18,DashboardPage
FN:21,(anonymous_1)
FN:34,(anonymous_2)
FN:35,(anonymous_3)
FN:36,(anonymous_4)
FN:38,(anonymous_5)
FN:45,(anonymous_6)
FN:158,(anonymous_7)
FN:226,(anonymous_8)
FN:287,(anonymous_9)
FN:329,(anonymous_10)
FNF:11
FNH:0
FNDA:0,DashboardPage
FNDA:0,(anonymous_1)
FNDA:0,(anonymous_2)
FNDA:0,(anonymous_3)
FNDA:0,(anonymous_4)
FNDA:0,(anonymous_5)
FNDA:0,(anonymous_6)
FNDA:0,(anonymous_7)
FNDA:0,(anonymous_8)
FNDA:0,(anonymous_9)
FNDA:0,(anonymous_10)
DA:19,0
DA:21,0
DA:22,0
DA:23,0
DA:24,0
DA:25,0
DA:27,0
DA:32,0
DA:34,0
DA:35,0
DA:36,0
DA:38,0
DA:39,0
DA:40,0
DA:41,0
DA:42,0
DA:45,0
DA:51,0
DA:158,0
DA:227,0
DA:288,0
DA:330,0
LF:22
LH:0
BRDA:23,0,0,0
BRDA:23,0,1,0
BRDA:32,1,0,0
BRDA:32,1,1,0
BRDA:40,2,0,0
BRDA:40,2,1,0
BRDA:62,3,0,0
BRDA:62,3,1,0
BRDA:63,4,0,0
BRDA:63,4,1,0
BRDA:70,5,0,0
BRDA:70,5,1,0
BRDA:76,6,0,0
BRDA:76,6,1,0
BRDA:129,7,0,0
BRDA:129,7,1,0
BRDA:129,7,2,0
BRDA:211,8,0,0
BRDA:211,8,1,0
BRDA:219,9,0,0
BRDA:219,9,1,0
BRDA:223,10,0,0
BRDA:223,10,1,0
BRDA:280,11,0,0
BRDA:280,11,1,0
BRDA:295,12,0,0
BRDA:295,12,1,0
BRDA:326,13,0,0
BRDA:326,13,1,0
BRDA:326,14,0,0
BRDA:326,14,1,0
BRF:31
BRH:0
end_of_record
TN:
SF:src/pages/DocsPage.tsx
FN:5,(anonymous_0)
FN:32,(anonymous_1)
FN:43,DocsPage
FN:64,(anonymous_3)
FN:86,(anonymous_4)
FN:131,(anonymous_5)
FN:182,(anonymous_6)
FNF:7
FNH:0
FNDA:0,(anonymous_0)
FNDA:0,(anonymous_1)
FNDA:0,DocsPage
FNDA:0,(anonymous_3)
FNDA:0,(anonymous_4)
FNDA:0,(anonymous_5)
FNDA:0,(anonymous_6)
DA:5,0
DA:32,0
DA:44,0
DA:45,0
DA:46,0
DA:48,0
DA:65,0
DA:87,0
DA:88,0
DA:132,0
DA:183,0
LF:11
LH:0
BRDA:34,0,0,0
BRDA:34,0,1,0
BRDA:46,1,0,0
BRDA:46,1,1,0
BRDA:104,2,0,0
BRDA:104,2,1,0
BRDA:139,3,0,0
BRDA:139,3,1,0
BRF:8
BRH:0
end_of_record
TN:
SF:src/pages/SearchPage.tsx
FN:23,SearchPage
FN:24,(anonymous_1)
FNF:2
FNH:0
FNDA:0,SearchPage
FNDA:0,(anonymous_1)
DA:24,0
DA:25,0
DA:26,0
DA:29,0
DA:31,0
LF:5
LH:0
BRDA:25,0,0,0
BRDA:25,0,1,0
BRDA:37,1,0,0
BRDA:37,1,1,0
BRDA:76,2,0,0
BRDA:76,2,1,0
BRDA:108,3,0,0
BRDA:108,3,1,0
BRDA:114,4,0,0
BRDA:114,4,1,0
BRDA:123,5,0,0
BRDA:123,5,1,0
BRDA:130,6,0,0
BRDA:130,6,1,0
BRDA:130,6,2,0
BRDA:136,7,0,0
BRDA:136,7,1,0
BRDA:136,7,2,0
BRDA:142,8,0,0
BRDA:142,8,1,0
BRDA:142,8,2,0
BRF:21
BRH:0
end_of_record
TN:
SF:src/pages/index.ts
FNF:0
FNH:0
LF:0
LH:0
BRF:0
BRH:0
end_of_record
TN:
SF:src/types/index.ts
FNF:0
FNH:0
LF:0
LH:0
BRF:0
BRH:0
end_of_record
